13.0
13.170317145169172
13.340573290459032
13.510707457837666
13.68065871296011
13.85036618699228
14.019769098411428
14.18880677477532
14.357418674452365
14.52554440830487
14.693123761317704
14.860096714164577
15.026403464704247
15.191984449398928
15.35678036464726
15.520732188024162
15.68378119941999
15.845869002071415
16.006937543476507
16.166929136186496
16.32578647846681
16.483452674819954
16.639871256362895
16.794986201051657
16.948741953745888
17.101083446106173
17.25195611631704
17.4013059286285
17.549079392709228
17.69522358280436
17.83968615669111
17.98241537442536
18.123360116872593
18.262469904016424
18.39969491303826
18.534985996161584
18.668294698254442
18.799573274183892
18.928774705916144
19.05585271935627
19.18076180092151
19.303457213842158
19.42389501418425
19.54203206658829
19.65782605971839
19.771235521416234
19.882219833554572
19.99073924658477
20.096754893773294
20.20022880512201
20.30112392096733
20.39940410525329
20.49503415847385
20.58797983027976
20.67820783174549
20.765685847291806
20.850382546259745
20.93226759413184
21.01131166339657
21.08748644405214
21.160764653745844
21.231120047545367
21.29852742733852
21.362962650858087
21.424402640328456
21.482825390731055
21.538209977685547
21.590536564943996
21.639786411495304
21.685941878277397
21.728986434494743
21.76890466353892
21.805682268510154
21.839306077337824
21.869764047498094
21.897045270327
21.921139974927435
21.942039531668662
21.95973645527703
21.974224407516868
21.98549819946056
21.993553793346983
21.998388304027642
22.0
22.0
21.99220344471596
21.96881930488876
21.9298641546765
21.875365604623017
21.805362282088158
21.71990380386958
21.619050741035462
21.50287457599307
21.37145765182362
21.22489311391935
21.06328484396412
20.88674738630439
20.69540586676273
20.489395903951447
20.268863513149086
20.033965002808092
19.784866863766823
19.521745651244572
19.24478785970315
18.954189790663733
18.65015741357276
18.332906219815328
18.00266106997972
17.659656034481202
17.304134227658135
16.93634763545794
16.556556936835047
16.16503131898748
15.762048286562933
15.347893464969664
14.922860397931553
14.487250339430851
14.041372040186044
13.585541528816222
13.120081887847034
12.645323024716953
12.161601437946254
11.669259978634335
11.16864760745448
10.660119147318305
10.14403503188517
9.62076105009482
9.090668086904321
8.554131860413056
8.01153265556209
7.463255054596663
6.909687664482877
6.351222841471661
5.788256413005467
5.221187397164529
4.650417719851735
4.076351929916514
3.499396912419585
2.9199616002418836
2.3384566842420393
1.7552943221678283
1.1708878465279313
0.5856514716310459
1.3471114790620886e-15
13.0
13.165339447663584
13.330633693173082
13.495837546732224
13.660905843256995
13.825793454723323
13.990455302504627
14.15484636969586
14.31892171342069
14.482636477118419
14.64594590280734
14.808805343321097
14.971170274514803
15.13299630743747
15.294239200467516
15.454854871407992
15.614799409538197
15.774029087618446
15.932500373844647
16.090169943749473
16.246994692046833
16.40293174441643
16.557938469225164
16.71197248918221
16.864991692924523
17.016954246529693
17.167818604952906
17.317543523384927
17.466088068528066
17.613411629786878
17.759473930370735
17.90423503830508
18.047655377348438
18.18969573781215
18.33031728727994
18.46948158122427
18.607150573516726
18.743286626829438
18.877852522924734
19.01081147283025
19.14212712689668
19.27176358473537
19.399685405033164
19.525857615241684
19.650245721138482
19.772815716257412
19.893534091185657
20.012367842724885
20.12928448291397
20.24425204791089
20.357239106731317
20.468214769841538
20.57714869760335
20.68401110856859
20.788772787621124
20.891405093963936
20.99187996894925
21.090169943749473
21.186248146866923
21.2800883114802
21.371664782625285
21.460952524209354
21.547927125855388
21.63256480957574
21.71484243627277
21.79473751206489
21.87222819443612
21.947293298207633
22.01991230132959
22.090065350491624
22.157733266550572
22.222897549773847
22.28554038489707
22.345644645994607
22.403193901161615
22.458172417006345
22.510565162951536
22.560357815343576
22.60753676136848
22.652089102773488
22.694002659393306
22.73326597248006
22.769868307835992
22.803799658748094
22.835050748723823
22.863613034027225
22.889478706014685
22.91264069326975
22.93309266353638
22.950829025450112
22.965844930066698
22.978136272187747
22.987699691483048
22.99453257340926
22.998633049924692
23.0
23.0
22.987155965795857
22.94863820833252
22.88448974703559
22.794782227559942
22.67961584177066
22.5391192158415
22.373449266595856
22.182791026250662
21.967357435758984
21.72738910698213
21.46315405395686
21.17494739355786
20.863091015889836
20.527933224777268
20.169848348753444
19.789236322983207
19.386522242586334
18.962155887860487
18.51661122193395
18.050385861409204
17.56400052058864
17.057998429903023
16.532944729192376
15.989425836516775
15.428048793202139
14.849440585852456
14.254247446085634
13.643134128775172
13.01678316960369
