14.0
14.183586836522649
14.36709727455427
14.550454947396585
14.73358355192357
14.916406880334518
15.098848851867439
15.280833544459567
15.462285226341852
15.643128387554256
15.82328777136873
16.00268840560683
16.181255633838912
16.35891514645192
16.535593011572868
16.71121570583511
16.88571014497462
17.059003714243552
17.231024298628387
17.40170031286016
17.57096073120418
17.73873511701698
17.904953652058023
18.069547165544172
18.23244716293463
18.39358585443453
18.552896183205213
18.71031185326951
18.865767357100378
19.019198002881463
19.17053994142817
19.31973019275809
19.46670667229973
19.611408216728602
19.753774609419963
19.893746605507566
20.031265956538036
20.1662754347106
20.298718856692055
20.428541106997134
20.555688160924422
20.68010710703843
20.801746169188323
20.920554728054256
21.036483342212268
21.149483768709015
21.25950898313777
21.366513199207343
21.470451887795726
21.57128179548063
21.668960962539106
21.763448740408826
21.854705808603704
21.942694191076892
22.027377272024246
22.108719811121773
22.186687958190667
22.261249267283837
22.332372710188082
22.400028689336303
22.464189050124304
22.52482709262719
22.58191758271035
22.635436762530475
22.68536236042226
22.73167360016658
22.774351209636414
22.81337742881679
22.848736017195527
22.880412260521602
22.908392976928393
22.93266652241925
22.95322279571304
22.97005324244774
22.983150858740302
22.992510194101246
22.99812735370286
23.0
23.0
22.99328432384444
22.973141217143514
22.939582442904296
22.892627598505918
22.83230410425524
22.758647187374176
22.67169986142797
22.57151290120651
22.458144813073257
22.331661800799196
22.192137726901684
22.039654069510824
21.87429987478853
21.69617170492809
21.50537358176454
21.30201692602886
21.086220492281395
20.858110299562544
20.617819557801187
20.365488590023826
20.101264750409914
19.82530233824113
19.537762507794984
19.238813174235215
18.928628915554096
18.607390870623792
18.275286633416346
17.932510143454113
17.57926157255451
17.215747207935326
16.842179331748792
16.458776097114782
16.065761400725552
15.663364752096335
15.251821139538286
14.831370892931924
14.402259543381215
13.964737679830357
13.51906080272688
13.065489174816584
12.604287669157413
12.135725614441053
11.66007663771258
11.177618504579938
10.688632957006678
10.19340554878255
9.692225478768169
9.185385422010995
8.673181358831371
8.155912401978318
7.633880621956152
7.107390870623791
6.576750603169852
6.042269698567498
5.504260278613826
4.9630365256595415
4.418914499135297
3.8722119509818835
3.323248140092086
2.772343645872429
2.2198201810338505
1.6660004037205352
1.111207729086662
0.5557661404310404
1.4083438190194562e-15
12.0
12.211781767717543
12.42349756687023
12.635081449441957
12.846467508507732
13.05758989876322
13.268382857035116
13.478780722765904
13.688717958466686
13.898129170131648
14.106949127607848
14.31511278491396
14.522555300501653
14.729212057453276
14.935018683609599
15.139911071621288
15.343825398917906
15.546698147588208
15.748466124165528
15.949066479312119
16.148436727396277
16.34651476595619
16.54323889504444
16.738547836447093
16.93238075277146
17.12467726639651
17.315377478280098
17.504421986617086
17.691751905342628
17.877308882474743
18.06103511829057
18.242873383330586
18.422767036225192
18.600660041338095
18.77649698622104
18.9502230988744
19.121784264808277
19.29112704389879
19.45819868703431
19.622947152546462
19.78532112242071
19.945270018281605
20.102744017147565
20.257694066950425
20.410071901814796
20.55983005709256
20.70692188414779
20.851301564887464
20.9929241260335
21.131745453131614
21.26772230429267
21.40081232366223
21.53097405461413
21.65816695266391
21.782351398098143
21.903488708315727
22.021541149877226
22.136471950258585
22.248245309305517
22.35682641038501
22.462181431230462
22.564277554477094
22.663082977884322
22.75856692424194
22.85069965095702
22.939452459318503
23.024797703436676
23.10670879885465
23.185160230829275
23.260127562278754
23.331587441394667
23.39951760891589
23.463896905062185
23.524705276125353
23.581923780715798
23.635534595662655
23.685521021565606
23.731867487996574
23.774559558349857
23.813583934339
23.848928460139142
23.88058212617345
23.90853507254255
23.932778592095783
23.953305133143466
23.970108301809166
23.98318286402134
23.99252474714374
23.998131041243983
24.0
24.0
23.989460076211063
23.957849562343714
23.905196222765206
23.831546304324405
23.736964495731936
23.621533870742326
23.485355815188097
23.328549937929857
23.15125396580061
22.953623622636538
22.73583249250059
22.4980718672189
22.240550578364005
21.963494813832444
21.667147919177843
21.351770183873935
21.017638612695286
20.665046682416534
20.294304084043826
19.90573645080484
19.49968507213635
19.076506593920477
18.63657270523302
18.180269811878883
17.707998697001457
17.22017416906395
16.71722469751193
16.199592036437053
15.667730836572519
15.122108245961066
14.563203499646242
13.991507498747332
13.407522379287663
12.81176107115498
12.204746847581292
