25.0
25.09920366859815
25.19838021590385
25.297502528039335
25.396543505954195
25.495476072833995
25.594273181502775
25.692907821817517
25.791353028052413
25.889581886271053
25.987567541684403
26.08528320599266
26.182702164708882
26.27979778446248
26.37654352028051
26.472912922844795
26.56887964572292
26.66441745257107
26.759500224306787
26.854101966249683
26.9481968152281
27.041759046649858
27.134763081535098
27.227183493509326
27.318995015754712
27.410172547917817
27.50069116297174
27.590526114030958
27.67965284111684
27.768046977872125
27.85568435822244
27.94254102298305
28.02859322640906
28.113817442687292
28.19819037236796
28.281688948734562
28.364290344110035
28.44597197609766
28.52671151375484
28.60648688369815
28.685276276138005
28.76305815084122
28.8398112430199
28.91551456914501
28.990147432683088
29.063689429754447
29.136120454711396
29.20742070563493
29.277570689748384
29.346551228746534
29.41434346403879
29.48092886190492
29.54628921856201
29.610406665141156
29.673263672572673
29.73484305637836
29.795127981369546
29.854101966249686
29.911748888120155
29.968052986888118
30.022998869575172
30.07657151452561
30.128756275513233
30.179538885745444
30.228905461763663
30.276842507238932
30.32333691666167
30.368375978924583
30.411947380797756
30.454039210294976
30.494639959930346
30.53373852986431
30.57132423093824
30.607386787596766
30.641916340696966
30.674903450203807
30.706339097770922
30.736214689206147
30.76452205682109
30.79125346166409
30.81640159563598
30.839959583488035
30.861920984701595
30.882279795248856
30.901030449234295
30.918167820416336
30.93368722360881
30.94758441596185
30.959855598121827
30.970497415270067
30.97950695804002
30.986881763312645
30.992619814889828
30.996719544045554
30.999179829954812
31.0
31.0
30.982688475637893
30.930773237317748
30.844312267743625
30.723402132798185
30.568177873690885
30.378812856134193
30.15551857671615
29.898544426685675
29.608177413414285
29.28474183984548
28.92859894228968
28.54014648696929
28.119818325764562
27.668083911656318
27.185447774406818
26.672448957064322
26.12966041392071
25.55768837059457
24.957171646954453
24.328780943638492
23.673218092967293
22.991215275086684
22.28353420021581
21.550965257913916
20.794326634315926
20.014463398322874
19.212246557767592
18.388572086610015
17.54435992424845
16.680552948064555
15.798115920349444
14.898034410787199
13.981313695699157
13.04897763527839
12.10206753006834
11.141640957962897
10.168770593026641
9.184543007454659
8.190057458009871
7.186424658293381
6.174765538218923
5.156209992077035
4.131895616587148
3.1029664403470516
2.0705716460987706
1.035864287237914
1.8982025386783976e-15
26.166666666666668
26.285658134783198
26.40460008535925
26.52344302146075
26.64213748735787
26.760634089105707
26.878883515099268
26.996836556594165
27.114444128184534
27.23165728822961
27.348427259220472
27.4647054480785
27.580443466377073
27.695593150478096
27.810106581575006
27.923936105633867
28.037034353224293
28.14935425923193
28.260849082444327
28.371472425001954
28.481178251706417
28.58992090917767
28.697655144852423
28.804336125815666
28.909919457457633
29.014361201948308
29.1176178965219
29.21964657156357
29.320404768490988
29.41985055742317
29.51794255462937
29.614639939750614
29.70990247278686
29.803690510842614
29.89596502462405
29.98668761468083
30.075820527385766
30.16332667064576
30.249169629337445
30.333313680461107
30.415723808006568
30.49636571752491
30.57520585039984
30.652211397812945
30.72735031439684
30.800591331570658
30.87190397055226
30.941258555041795
31.008626223571305
31.07397894151522
31.13728951275683
31.19853159100572
31.257679690761663
31.31470919792021
31.369596380015714
31.422318396097445
31.47285330623469
31.52118008064693
31.56727860845524
31.611129706051308
31.65271512508057
31.692017560036142
31.72902065546041
31.763709012751235
31.796068196569983
31.82608474084871
31.85374615439397
31.879040926084958
31.901958529663766
31.922489428115853
31.940625077638774
31.95635793119766
31.969681441665855
31.98059006454946
31.98907926029464
31.995145496176733
31.998786247770372
32.0
32.0
31.990656450566174
31.962631258634453
31.915940790127717
31.850612310964756
31.766683971137727
31.664204782433636
31.54323458981283
31.40384403646123
31.246114522536708
31.070138157633664
30.876017706993647
30.66386653149332
30.433808521444913
30.185978024247778
29.920519765933275
29.637588766648847
29.337350250130637
29.019979547217453
28.68566199346252
28.334592820902717
27.966977044048576
27.583029340161573
27.182973923888675
26.767044416327256
26.335483708597003
25.88854381999832
25.426485750840136
24.949579330023116
24.458103057467145
23.952343941475235
23.432597331128754
22.899166743811872
22.352363687965987
21.79250748117751
21.219925063705443
20.63495080755746
20.03792632122604
19.429200250198758
18.809128073359137
18.178071895396986
17.536400235349443
16.884487811396248
16.222715322034894
15.551469223763393
14.871141505400596
14.182129459175723
13.48483544872093
12.779666674102254
12.067034934026255
11.347356385361138
10.621051300112907
9.888543819998318
9.150261708758055
8.40663610235478
7.658101257201844
6.905094296569796
6.148054955318673
5.387425323105229
4.623649586215076
3.857173768170336
3.0884454692644874
2.317913605176397
1.5460281448162254
0.7732398475562302
1.959434878635765e-15
27.333333333333332
27.427025687009362
27.52069242613141
27.61430794314826
27.707846644512294
27.80128295767655
27.894591338085956
27.987746276160987
28.080722304271724
28.173494003700437
28.266036011590824
28.358323027881955
28.450329822225054
28.542031240881233
28.63340221359826
28.724417760464526
28.81505299873831
28.90528314965045
28.995083545178634
29.084429634791366
29.173296992159873
29.261661321835977
29.349498465894257
29.436784410536582
29.52349529265723
29.609607406366827
29.69509720947331
29.779941329918124
29.8641165721659
29.947599923545898
30.030368560543415
30.112399855039545
30.19367138049745
30.27416091809355
30.353846462791964
30.43270622936042
30.510718658326144
30.587862421870014
30.664116429657348
30.739459834603807
30.813872038574782
30.88733269801671
30.959821729518794
31.03131931530362
31.10180590864514
31.17126223921253
31.23966931833854
31.30700844421077
31.373261206984584
31.43840949381617
31.50243549381441
31.565321702910204
31.627050928641896
31.687606294855534
31.746971246318637
31.805129553246232
31.862065315737908
31.917762968124702
31.97220728322459
32.025383376505445
32.07727671015433
32.12787309705197
32.17715870465139
32.225120058759586
32.27174404722123
32.317017923503435
32.36092931018047
32.40346620231766
32.44461697075344
32.484370365278586
32.522715517711994
32.55964194487185
32.595139551441676
32.62919863273028
32.66180987732491
32.69296436963693
32.722653592339206
32.75086942869469
32.777604164775475
32.80285049157164
32.82660150698954
32.8488507177387
32.86959204110706
32.88881980662392
32.90652875761017
32.922714052615426
32.93737126674166
32.95049639285286
32.96208584267062
32.97213644775506
32.98064546037113
32.98761055423972
32.99302982517373
32.99690179159858
32.99922539495732
33.0
33.0
32.9815716030984
32.92630699456405
32.83426789792063
32.705557109107744
32.54031838167094
32.33873626620737
32.101035904246224
31.827482776794426
31.51838240782811
31.17408002306132
30.794960164372885
30.38144626032215
29.934000153233242
29.45312158337608
28.93934763082016
28.3932521155846
27.815444956754305
27.20657149127809
26.567311753209577
25.898379714195812
25.20052248606196
24.4745194863826
23.72118156797167
22.941350113263198
22.135896094594376
21.30571910144048
20.451746335688085
19.574931576068725
18.676254112909643
17.7567176543913
16.81734920553328
15.859197921160566
14.883333934131361
13.89084716013506
12.882846080395328
11.860456503637922
10.82482030870578
9.777094169225927
8.718448261752442
7.6500649588284375
6.573137508426596
5.4888687012432955
4.398469527334706
3.3031578235952486
2.204156913589014
1.1026942412532632
2.0206672185931327e-15
28.5
28.58553496556193
28.671049242484102
28.756522147130795
28.841933005873145
28.927261160089536
29.012485971162395
29.09758682547011
29.182543139372925
29.267334364191576
29.351939991177467
29.436339556473193
29.520512646062212
29.60443890070645
29.688098020870658
29.771469771632333
29.85453398757601
29.937270577670734
30.019659530129566
30.101680917249887
30.18331490023338
30.264541733984522
30.34534177188639
30.42569547055265
30.505583394554602
30.584986221122087
30.66388474481714
30.74225988217929
30.820092676341343
30.89736430161454
30.974056068041996
31.0501494259193
31.1256259702812
31.200467445353272
31.27465574896752
31.34817293694079
31.42100122741501
31.49312300515815
31.564520825824857
31.635177420175804
31.705075698254653
31.774198753521663
31.842529866942925
31.910052511034262
31.976750353858797
32.042607262977185
32.10760730934967
32.171734771188845
32.23497413776237
32.297310113144604
32.35872761991627
32.41921180281129
32.47874803230987
32.537321908177034
32.59491926294558
32.651526165342915
32.70712892366056
32.76171408906589
32.815268458855016
32.86777907964614
32.91923325051272
32.96961852605538
33.0189227194122
33.06713390520639
33.114240422430655
33.16023087726778
33.2050941458464
33.24881937693165
33.29139599454973
33.33281370054598
33.373062477075734
33.41213258902735
33.450014586376916
33.4866993064739
33.5221778762574
33.5564417144023
33.58948253339483
33.62129234153713
33.65186344488021
33.68118844908494
33.7092602612105
33.73607209143002
33.76161745467281
33.785890172192985
33.8088843730639
33.83059449559816
33.851015288692906
33.870141813099835
33.88796944261995
33.90449386522245
33.919711084087744
33.93361741857416
33.946209505108186
33.95748429799802
33.967439070170286
33.9760714138296
33.983379241040964
33.98936078423477
33.99401459663436
33.997339552605936
33.999334847930825
34.0
34.0
33.97505015572754
33.90023724024717
33.77567105182895
33.60153440853185
33.378082879893064
33.10564441184449
32.7846188454068
32.41547732986764
31.998761631305094
31.53508333747122
31.0251229602027
30.46962893667589
29.869416530972043
29.22536663756484
28.5384244884863
27.8095982660684
27.039957623296498
26.23063211394606
25.382809534806732
24.49773418242676
23.576705026936217
22.621073805629223
21.632243039103034
20.611663972865692
19.560834447433102
18.48129670004152
17.37463510120175
16.24247382941694
15.086474487476629
13.90833366382556
12.709780442586139
11.492573865889092
10.258500352236542
9.009371074686497
7.747019302706683
6.473297711598726
5.190075663441732
3.899236463545618
2.6026745964408526
1.3022929454612067
2.0818995585505003e-15
29.666666666666668
29.74495899844969
29.823234457569924
29.90147617500079
29.97966728898732
30.057790948680022
30.13583031776638
30.21376857809922
30.291588933321158
30.369274612484368
30.446808873664857
30.5241750075705
30.601356341142015
30.678336241146177
30.755098117760397
30.83162542814798
30.907901680023254
30.983910435205782
31.05963531316294
31.135059994540054
31.21016822467737
31.284943817113064
31.35937065707156
31.433432704936408
31.50711399970695
31.580398662438057
31.653270899662182
31.725715006792967
31.79771537150974
31.86925647712207
31.940322905913792
32.010899342465606
32.08097057695572
32.15052150843767
32.219537148094716
32.28800262247005
32.355903176672165
32.42322417755464
32.489951116869726
32.55606961439499
32.621565421032386
32.686424421879025
32.750632639269085
32.814176235786114
32.877041517245104
32.939214935643705
33.00068309208192
33.06143273964973
33.12145078628186
33.18072429757926
33.23924049959656
33.296986781595
33.3539506987601
33.41011997488367
33.465482505009405
33.52002635804161
33.57373977931649
33.62661119313532
33.67862920525915
33.72978260536434
33.78006036945851
33.82945166225625
33.877945839514254
33.92553245032526
33.972201239370264
34.01794214912866
34.062745322045714
34.10660110265695
34.14950003966898
34.19143288799634
34.23239061075391
34.27236438120438
34.31134558466055
34.349325820341825
34.38629690318469
34.42225086560663
34.45717995922321
34.49107665651797
34.52393365246459
34.55574386610125
34.586500442056604
34.61619675202717
34.644826396205815
34.67238320466094
34.698861238666154
34.72425479198014
34.74855839207636
34.7717668013225
34.793875018109134
34.81487827792769
34.83477205439719
34.85355206023978
34.8712142482046
34.88775481194007
34.903170186814144
34.91745705068254
34.93061232460471
34.942633173507325
34.9535170067953
34.963261478910084
34.97186448983512
34.97932418554846
34.985638958422285
34.99080744756938
34.994828539136414
34.99770136654399
34.99942531067339
35.0
35.0
34.964757328946014
34.859100289833364
34.683241661877716
34.43753560095204
34.122476926363824
33.738700124354864
33.28697807033037
32.7682204723908
32.183472039300774
31.53391037658467
30.82084361498583
30.045707776065314
29.210063880245592
28.31559480312316
27.364101886381043
26.357501310126384
25.297820233958703
24.187192714540267
23.027855407889945
21.822143065055677
20.57248383023656
19.28139435082359
17.951474709206714
16.585403186554956
15.185930869114536
13.755876107887328
12.298118842847003
10.815594803123162
9.311289594833632
7.788232688471005
6.249491317952285
4.698164303617944
3.137375811620174
1.5702690622680244
2.1431318985078682e-15
30.833333333333336
30.89813254966813
30.96291609279099
31.027668293280907
31.092373489297838
31.157016030370862
31.221580281183634
31.286050625356147
31.350411469221918
31.41464724559968
31.47874241755869
31.54268148217666
31.606448974289556
31.670029470232162
31.73340759156868
31.796568008812375
31.85949544513334
31.922174680053587
31.984590553128463
32.04672796761355
32.108571894116196
32.1701073742307
32.231319524156355
32.29219353829746
32.3527146928444
32.412868349334914
32.472639958194804
32.53201506225704
32.590979300258596
32.649518410314045
32.70761823336515
32.76526471660553
32.8224439168797
32.87914200405551
32.93534526436933
32.991040103743025
33.04621305107198
33.10085076148345
33.154940019564286
33.20846774255743
33.26142098352626
33.31378693448611
33.365552929502215
33.41670644775323
33.46723511655969
33.51712671437666
33.56636917374975
33.61495058423397
33.66285919527453
33.71008341904894
33.7566118332699
33.80243318394795
33.84753638811354
33.891910536497754
33.935544896170896
33.97842891313857
34.020552214894366
34.06190461292871
34.10247610519319
34.14225687851981
34.18123731099448
34.21940797428438
34.256759635918336
34.29328326151999
34.32897001699292
34.36381127065741
34.39779859533818
34.430923770402764
34.4631787837498
34.49455583374695
34.52504733111798
34.5546459007783
34.58334438361887
34.6111358382378
34.63801354261925
34.66397099575932
34.68900191923851
34.71310025874025
34.73626018551531
34.75847609779162
34.77974262212917
34.800054614719706
34.81940716263092
34.83779558499469
34.85521543413932
34.87166249666527
34.88713279446432
34.90162258568169
34.91512836562117
34.92764686759276
34.93917506370284
34.94971016558649
34.95924962508195
34.96779113484698
34.97533262891689
34.98187228320425
34.987408515940125
34.99193998805664
34.99546560351088
34.99798450954995
34.99949609691729
35.0
35.0
34.97431633677835
34.897303041430916
34.76907314158863
34.5898148323122
34.35979119988992
34.079339835722266
33.74887234085993
33.36887372192257
32.93990167928465
32.462585788573314
31.93762657667925
31.365794493636947
30.747928781882983
30.084936244552043
29.377789914618248
28.627527626835118
27.835250494569923
27.002121293768006
26.129362756418693
25.218255776027547
24.270137527728462
23.286399505794787
22.268485481429593
21.21788938383233
20.136153107651722
19.02486425004274
17.885653780648862
16.720193647929204
15.530194325343588
14.3174023009969
13.083597514426907
11.830590744297595
10.560220950831734
9.274352576883159
7.97487281160982
6.663688820763395
5.3427249476606065
4.013919888944018
2.6792238492773484
1.3405956791512423
2.1431318985078682e-15
32.0
32.03306788953272
32.066126738634615
32.099167509346444
32.1321811686514
32.165158690944665
32.19809106050093
32.23096927393917
32.26378434268414
32.29652729542369
32.32918918056147
32.36176106866422
32.39423405490296
32.426599261487496
32.458847840093505
32.490970974281595
32.52295988190764
32.554805817523686
32.58650007476893
32.61803398874989
32.64939893840937
32.68058634888329
32.71158769384503
32.74239449783644
32.772998338584905
32.80339084930594
32.83356372099058
32.86350870467699
32.893217613705616
32.922682325957375
32.95189478607415
32.98084700766102
33.00953107546969
33.03793914756243
33.06606345745599
33.09389631624485
33.121430114703344
33.14865732536589
33.17557050458495
33.20216229456605
33.228425425379335
33.254352716947075
33.279937081006636
33.30517152304834
33.330049144227694
33.35456314325148
33.378706818237134
33.40247356854498
33.42585689658279
33.44885040958218
33.47144782134626
33.493642953968305
33.51542973952067
33.53680222171372
33.55775455752423
33.57828101879279
33.59837599378985
33.61803398874989
33.637249629373386
33.65601766229604
33.674332956525056
33.69219050484187
33.70958542517108
33.72651296191515
33.74296848725456
33.75894750241298
33.77444563888722
33.789458659641525
33.80398246026592
33.818013070098324
33.83154665331011
33.84457950995477
33.857108076979415
33.86912892919892
33.880638780232324
33.89163448340127
33.90211303259031
33.912071563068714
33.92150735227369
33.930417820554695
33.93880053187866
33.94665319449601
33.9539736615672
33.96075993174962
33.967010149744766
33.97272260680545
33.977895741202936
33.98252813865395
33.986618532707276
33.99016580509002
33.99316898601334
33.99562725443755
33.99753993829661
33.99890651468185
33.99972660998494
34.0
34.0
33.98101316682866
33.924073873187204
33.829245713009136
33.69663459726252
33.52638863566097
33.31869797124396
33.073794568011266
32.7919519518488
32.47348490503502
32.11874911466924
31.728140775414488
31.30209614699858
30.841091066967582
30.345640419235963
29.816297559026832
29.25365369484474
28.658337228171103
28.03101305161985
27.372381806337142
26.683179099474472
25.96417468260929
25.21617159203056
24.4400052518496
23.636542540937842
22.806680824733597
21.951346952999284
21.071496224648328
20.16811132079808
19.242201207240235
18.294800007554674
17.326965848125194
16.339779676347252
15.334344053347463
14.311781922563396
13.273235355558823
