22.0
22.132271558130867
22.264506954538465
22.39667003738578
22.528724674605595
22.66063476377866
22.7923642420037
22.923877095756687
23.055137370736553
23.186109181694736
23.31675672224587
23.44704427465688
23.57693621961184
23.706397045949974
23.83539136037401
23.963883897126394
24.091839527630558
24.21922327009476
24.34600029907572
24.47213595499958
24.597595753637467
24.722345395533143
24.84635077538013
24.969577991345766
25.091993354339618
25.213563397223755
25.334254883962323
25.454034818707942
25.572870454822453
25.690729303829503
25.80757914429659
25.923388030644066
26.03812430187875
26.15175659024972
26.26425382982395
26.375585264979414
26.485720458813383
26.59462930146355
26.702282018339787
26.8086491782642
26.913701701517343
27.017410867788296
27.11974832402653
27.220686092193347
27.320196576910785
27.41825257300593
27.514827272948526
27.609894274179908
27.703427586331177
27.795401638328713
27.885791285385054
27.974571815873233
28.06171895808268
28.14720888685487
28.2310182300969
28.31312407517115
28.393503975159398
28.47213595499958
28.54899851749354
28.62407064918416
28.69733182610023
28.768762019367482
28.83834170068431
28.906051847660592
28.971873949018217
29.03579000965191
29.097782555548896
29.157834638566108
29.21592984106367
29.2720522803933
29.32618661324046
29.378318039819078
29.428432307917657
29.476515716795685
29.52255512092929
29.566537933605076
29.60845213036123
29.64828625227486
29.686029409094786
29.72167128221879
29.755202127514643
29.786612777984047
29.815894646268795
29.843039726998477
29.868040598979057
29.890890427221777
29.911582964811746
29.930112554615803
29.946474130829106
29.96066322036009
29.972675944053357
29.982509017750196
29.99015975318644
29.99562605872741
29.998906439939752
30.0
30.0
29.98324691190764
29.933006358694595
29.84933445265512
29.732324644643406
29.582107619700857
29.398851151097606
29.182759912951116
28.9340752516313
28.653074916207373
28.340072748237564
27.995418331248075
27.619496600292862
27.212727412030222
26.775565075796436
26.308497846200144
25.81204737780418
25.286768142503913
24.73324681025281
24.152101593826888
23.54398155835983
22.909565896419963
22.249563169438726
21.564710516337882
20.85577283023927
20.123541904176705
19.36883554676407
18.59249666880735
17.79539234188066
16.978412829917858
16.14247059490118
15.288499277757525
14.417452655600515
13.530303576483055
12.628042872850054
11.711678254904845
10.782233185125383
9.840745735187072
8.888267426569024
7.925862056138585
6.954604508025852
5.975579553115087
4.989880637493905
3.998608661213369
3.002870748722953
2.003779012353649
1.0024493102302394
1.83697019872103e-15
22.833333333333332
22.999921388696475
23.166440119502948
23.332820230045048
23.498992482301016
23.664887724747988
23.830436921138972
23.995571179231828
24.160221779458347
24.324320203521452
24.48779816290866
24.6505876273099
24.8126208529279
24.973830410669333
25.13414921420501
25.29351054788741
25.451848094514006
25.6090959629247
25.765188715422056
25.920061395002737
26.07364955238898
26.22588927284874
26.37671720279339
26.526070576141933
26.67388724044068
26.82010568272763
26.964665055130656
27.107505200188996
27.24856667588738
27.38779078039244
27.525119576481117
27.66049591565086
27.793863461901605
27.925166715179657
28.05435103447367
28.181362660553162
28.30614873834007
28.42865733890406
28.54883748107242
28.666639152645548
28.7820133312092
28.89491200453487
29.005288190559774
29.113095956938125
29.218290440155577
29.320827864198918
29.420665558773162
29.517761977058512
29.612076712999823
29.70357051812131
29.792205317859562
29.87794422740801
29.960751567066325
30.04059287708829
30.117434932022
30.191245754536425
30.261994628728566
30.329652112905702
30.394190051837334
30.45558158847183
30.513801175112796
30.5688245840506
30.620628917644577
30.669192617851728
30.714495475197978
30.756518637188194
30.79524461615156
30.83065729651894
30.862741941529272
30.891485199362194
30.916875108694285
30.938901103676727
30.9575540183322
30.972826090369246
30.984710964412496
30.993203694647427
30.99830074687852
31.0
31.0
30.990948436485983
30.963799031802125
30.918567640436226
30.85528067624711
30.773975097039674
30.674698382982584
30.557508508881178
30.422473910321816
30.269673443707436
30.099196340207612
29.911142153650097
29.705620702384152
29.48275200514976
29.242666210990034
28.98550352324786
28.71141411769107
28.420558054814055
28.11310518636691
27.789235056166817
27.44913679524951
27.09300901142206
26.721059673281523
26.333505988767154
25.930574278317028
25.512499842703345
25.079526825623372
24.631908071126382
24.169904975959895
23.693787336921297
23.203833193304135
22.700328664530982
22.18356778306775
21.65385232271705
21.111491622390712
20.556802405464648
19.990108594821287
19.411741123687726
18.822037742380047
18.221342821066663
17.61000714866583
16.988387727994773
16.356847567290114
15.715755468221303
15.065485810520787
14.406418333356827
13.738937913576482
13.063434340948401
12.380302090536558
11.689940092337935
10.992751498318603
10.289143446984378
9.579526825623372
8.864316030359365
8.143928724156194
7.418785592914286
6.6893100998019905
5.955928237964964
5.219068281758191
4.479160536645855
3.736637087915013
2.991931548349972
2.2454788050146344
1.4977147652907183
0.749076102320098
1.8982025386783976e-15
23.666666666666668
23.804449539719656
23.942194744310903
24.079864622276855
24.217421536047496
24.354827878936103
24.492046085420522
24.629038641413217
24.76576809451724
24.90219706426535
25.03828825233945
25.174004452767583
25.30930856209567
25.444163589531225
25.578532667056265
25.71237905950666
25.845666174615165
25.978357573015373
26.110416978203872
26.241808286457896
26.372495576705695
26.502443120347024
26.631615391020972
26.759977074318506
26.887493077437103
27.014128538774745
27.139848837460754
27.264619602820776
27.38840672377339
27.511176358155733
27.632894941975614
27.753529198587568
27.873046147790365
27.99141311484346
28.108597739399947
28.224567984353556
28.339292144597273
28.452738855691198
28.564877102437276
28.675676227358544
28.785105939080566
28.89313632061281
28.999737837527636
29.104881346034738
29.208538100948736
29.310679763547842
29.411278409321383
29.510306535604073
29.607737069094977
29.703543373259073
29.79769925560943
29.89017897486795
29.980957248002788
30.07000925714049
30.157310656350937
30.24283757830328
30.32656664079104
30.40847495312456
30.488540122389104
30.566740259566835
30.64305398552107
30.71746043684113
30.78993927154616
30.86047067464645
30.929035363560644
30.99561459338741
31.060190162030096
31.12274441517303
31.183260251107992
31.24172112540969
31.29811105545881
31.352414624811537
31.404616987414226
31.454703871662172
31.502661584301343
31.548477014171954
31.592137635792945
31.633631512786316
31.672947301140404
31.710074252311237
31.745002216161087
31.777721643733383
31.808223589863328
31.83649971562341
31.862542290603187
31.886344195022687
31.907898921678903
31.927200577724793
31.94424388628032
31.959024187875094
31.971537441722248
31.98178022682312
31.98974974290254
31.995443811174383
31.998860874937243
32.0
32.0
31.982130039368148
31.9285401159409
31.83929008283213
31.714479620952964
31.554248127680914
31.35877456117078
31.12827724048119
30.86301360174005
30.563279910621198
30.2294109314534
29.86177955333128
29.46079637364572
29.026909239498902
28.5606027475162
28.062397702613488
27.53285053632446
26.972552685337508
26.38212993093633
25.762241700082015
25.113580328917152
24.436870289514626
23.732867380734643
23.00235788409374
22.246157685588557
21.46511136445515
20.660091249881678
19.83199644672784
18.98175183133937
18.110307018579046
17.218635301227927
16.30773256294136
15.378616165973883
14.432323814915259
13.469912397706725
12.492456805231834
11.50104873080041
10.49679545086621
9.480818588340293
8.454252859881157
7.418244808560909
6.373951523322759
5.322539346660165
4.265182571960927
3.20306213197115
2.1373642798438923
1.0692792642455886
1.959434878635765e-15
24.5
24.632190401322983
24.764348829293613
24.89644331829305
25.028441918167584
25.160312701956553
25.29202377361461
25.423543275726534
25.554839397212703
25.685880381023345
25.81663453181972
25.947070223640388
26.077155907550694
26.206860119273607
26.33615148680011
26.464998737977243
26.593370708072012
26.721236347309315
26.84856472838206
26.97532505393164
27.101486663997044
27.227019043430627
27.351891829278962
27.476074818126822
27.59953797340257
27.722251432643223
27.844185514717395
27.965310727004354
28.085597772527528
28.205017557040655
28.323541196064905
28.44114002187528
28.55778559043458
28.673449688273237
28.78810433931344
28.901721811635767
29.01427462418684
29.12573555342623
29.236077639911144
29.34527419481715
29.45329880639356
29.56012534635166
29.66572797618452
29.770081153416587
29.873159637781775
29.97493849732838
30.07539311444949
30.174499191837306
30.27223275836003
30.368570174859848
30.4634881398706
30.55696369525381
30.648974231751623
30.73949749445541
30.82851158818863
30.915994982802687
31.001926518384504
31.086285410374565
31.16905125459411
31.250204032180406
31.329724114428743
31.407592267540128
31.483789657273405
31.55829785350078
31.63109883466556
31.70217499214111
31.771509134489893
31.83908449162164
31.90488471884958
31.968893900843785
32.03109655548067
32.09147763758773
32.150022542582505
32.206717110005116
32.26154762694326
32.31450083134901
32.365563915246554
32.4147245278301
32.46197077845124
32.507291239494904
32.5506749491435
32.5921114140282
32.631590611767066
32.66910299338916
32.7046394856442
32.738191493197164
32.769750900707216
32.79931007479066
32.826861865867194
32.85239960988924
32.87591712995379
32.89740873779643
32.91686923516719
32.93429391508785
32.94967856299045
32.96301945773666
32.97431337251785
32.98355757563555
32.99074983116219
32.9958883994819
32.99897203771127
33.0
33.0
32.97578397467673
32.903171439063435
32.782268962069274
32.6132539847515
32.39637455989621
32.13194898796671
31.820365349953654
31.462080937812708
31.05762158332553
30.607580886369124
30.11261934372615
29.573463379714834
28.990904280061102
28.36579703057764
27.699059062354348
26.991668905301683
26.24466475202307
25.459142934124117
24.636256313194767
23.77721258882597
22.883272526143976
21.955748105463655
20.996000596776472
20.00543856189905
18.98551578721448
17.937729150040298
16.863616421754642
15.764754010904678
14.64275464960967
13.49926502665422
12.33596337074537
11.15455698748059
9.95677975364135
8.744389572489835
7.519165793803545
6.282906602434058
5.0374263792228575
3.784553038147217
2.526125343604357
1.2639902117711712
2.0206672185931327e-15
25.333333333333332
25.416518935852793
25.499686611168045
25.582818435938336
25.665896494549024
25.748902882972523
25.83181971262678
25.91462911423042
25.99731324165373
26.07985427576464
26.16223442826891
26.244435945543653
26.32644111246339
26.408232256217808
26.489791750120418
26.571102017407227
26.652145535024708
26.732904837406142
26.81336252023562
26.893501244198806
26.973303738719704
27.052752805682626
27.13183132313853
27.21052224899493
27.28880862468863
27.366673578840434
27.444100330891068
27.52107219471753
27.597572582229095
27.6735850069422
27.749093087533403
27.824080551369708
27.898531238015455
27.972429102715026
28.045758219850637
28.118502786374428
28.19064712521417
28.262175688651798
28.33307306167408
28.40332396529468
28.472913259846912
28.541825948246462
28.610047179223404
28.677562250522747
28.744356612072924
28.81041586912143
28.875725785337043
28.94027228587784
29.004041460424478
29.06701956617796
29.129193030821348
29.190548455444688
29.25107261743261
29.310752473313897
29.369575161572488
29.427528005419212
29.484598515523768
29.540774392706275
29.596043530587842
29.650394018199613
29.703814142549664
29.75629239114726
29.807817454483896
29.85837822847059
29.907963816830904
29.956563533449202
30.00416690467357
30.05076367157301
30.09634379214829
30.140897443496115
30.18441502392603
30.22688715502965
30.26830468370183
30.30865868411319
30.347940459633733
30.38614154470704
30.423253706674664
30.459268947550342
30.49417950574363
30.52797785773258
30.560656719685138
30.592209049028867
30.62262804596868
30.651907154952248
30.68004006608279
30.707020716478894
30.732843291581133
30.75750222640515
30.780992206740954
30.803308170298166
30.82444530779702
30.84439906400477
30.863165138717388
30.88073948768632
30.897118323490027
30.912298116350204
30.92627559489251
30.939047746851536
30.95061181972001
30.960965321341963
30.970106020449816
30.978031947145237
30.984741393323674
30.990232913042462
30.994505322832442
30.997557701952992
30.999389392590476
31.0
31.0
30.968785062780757
30.87520311385241
30.719442614805978
30.50181724655752
30.222765277636533
29.88284868157145
29.48275200514976
29.023280989831854
28.50536094909497
27.930034904974992
27.29846148755888
26.61191260165785
25.871770865360382
25.079526825623372
24.236775956508925
23.34521544611194
22.406640778649138
21.422942118592808
20.396100504131095
19.32818385762074
18.221342821066667
17.07780642501518
15.89987759958309
14.68992853666296
13.450395912644304
12.183775981271634
10.892619546521631
9.579526825623372
8.24714221256693
6.898148952645748
5.535263738757738
4.1612312403473215
2.77881857600644
1.3908097408659645
1.8982025386783976e-15
26.166666666666668
26.288489193376083
26.410282254447058
26.532016391368106
26.653662159879932
26.775190137097216
26.896570928625227
27.017775175669552
27.1387735621372
27.259536821727398
27.380035745010332
27.500241186492122
27.620124071664364
27.739655404036462
27.85880627214912
27.977547856567263
28.09585143685068
28.213688398500743
28.331030239881503
28.447848579113476
28.564115160938453
28.679801863553713
28.794880705413945
28.90932385199923
29.023103622547467
29.13619249674964
29.248563121406228
29.36018831704323
29.471041084486156
29.58109461139041
29.69032227872648
29.7986976672184
29.90619456373383
30.012786967624358
30.118449097014345
30.223155395036883
30.32688053601532
30.429599431588883
30.53128723678086
30.631919356007963
30.731471449029357
30.829919436833883
30.927239507464165
31.02340812177607
31.118402019132226
31.212198223028118
31.30477404664953
31.39610709835987
31.486175287116108
31.574956827812017
31.662430246547416
31.74857438582214
31.833368409653456
31.91679180861577
31.998824404801287
32.079446356700515
32.15863816400141
32.23638067230597
32.312655077763196
32.38744293161724
32.46072614466963
32.53248699165463
32.60270811552647
32.67137253165758
32.73846363194669
32.803965188835924
32.86786135923578
32.930136688357194
32.99077611344961
33.049764967444275
33.1070889825018
33.1627342934632
33.21668744120348
33.26893537588707
33.31946546012418
33.36826547202752
33.41532360816839
33.460628486431666
33.50416914876879
33.54593506384825
33.585916129602836
33.62410267567305
33.66048546574612
33.69505569979001
33.72780501618191
33.758725493730715
33.78780965359292
33.81505046108159
33.840441327367806
33.8639761110744
33.88564911976134
33.905455111302594
33.92338929515408
33.939447333512334
33.95362534236374
33.965919892423976
33.97632800996743
33.98484717754649
33.99147533460045
33.99621087795391
33.999052662204505
34.0
34.0
33.97505015572754
33.90023724024717
33.77567105182895
33.60153440853185
33.378082879893064
33.10564441184449
32.7846188454068
32.41547732986764
31.998761631305094
31.53508333747122
31.0251229602027
30.46962893667589
29.869416530972043
29.22536663756484
28.5384244884863
27.8095982660684
27.039957623296498
26.23063211394606
25.382809534806732
24.49773418242676
23.576705026936217
22.621073805629223
21.632243039103034
20.611663972865692
19.560834447433102
18.48129670004152
17.37463510120175
16.24247382941694
15.086474487476629
13.90833366382556
12.709780442586139
11.492573865889092
10.258500352236542
9.009371074686497
7.747019302706683
6.473297711598726
5.190075663441732
3.899236463545618
2.6026745964408526
1.3022929454612067
2.0818995585505003e-15
27.0
27.09920366859815
27.19838021590385
27.297502528039335
27.396543505954195
27.495476072833995
27.594273181502775
27.692907821817517
27.791353028052413
27.889581886271053
27.987567541684403
28.08528320599266
28.182702164708882
28.27979778446248
28.37654352028051
28.472912922844795
28.56887964572292
28.66441745257107
28.759500224306787
28.854101966249683
28.9481968152281
29.041759046649858
29.134763081535098
29.227183493509326
29.318995015754712
29.410172547917817
29.50069116297174
29.590526114030958
29.67965284111684
29.768046977872125
29.85568435822244
29.94254102298305
30.02859322640906
30.113817442687292
30.19819037236796
30.281688948734562
30.364290344110035
30.44597197609766
30.52671151375484
30.60648688369815
30.685276276138005
30.76305815084122
30.8398112430199
30.91551456914501
30.990147432683088
31.063689429754447
31.136120454711396
31.20742070563493
31.277570689748384
31.346551228746534
31.41434346403879
31.48092886190492
31.54628921856201
31.610406665141156
31.673263672572673
31.73484305637836
31.795127981369546
31.854101966249686
31.911748888120155
31.968052986888118
32.02299886957517
32.07657151452561
32.12875627551323
32.179538885745444
32.22890546176366
32.27684250723893
32.323336916661674
32.36837597892458
32.411947380797756
32.45403921029497
32.494639959930346
32.53373852986431
32.571324230938245
32.60738678759677
32.641916340696966
32.67490345020381
32.70633909777092
32.73621468920614
32.764522056821086
32.79125346166409
32.81640159563598
32.83995958348804
32.8619209847016
32.882279795248856
32.9010304492343
32.918167820416336
32.933687223608814
32.94758441596185
32.95985559812183
32.97049741527007
32.97950695804002
32.986881763312645
32.99261981488983
32.996719544045554
32.99917982995481
33.0
33.0
32.9815716030984
32.92630699456405
32.83426789792063
32.705557109107744
32.54031838167094
32.33873626620737
32.101035904246224
31.827482776794426
31.51838240782811
31.17408002306132
30.794960164372885
30.38144626032215
29.934000153233242
29.45312158337608
28.93934763082016
28.3932521155846
27.815444956754305
27.20657149127809
26.567311753209577
25.898379714195812
25.20052248606196
24.4745194863826
23.72118156797167
22.941350113263198
22.135896094594376
21.30571910144048
20.451746335688085
19.574931576068725
18.676254112909643
17.7567176543913
16.81734920553328
15.859197921160566
14.883333934131361
13.89084716013506
