14.0
14.025132079766705
14.050260190886675
14.07538036533987
14.10048863635954
14.125581039058627
14.150653611055866
14.175702393101487
14.20072342970243
14.225712769746963
14.250666467128609
14.275580581369276
14.300451178241515
14.325274330389767
14.350046117950551
14.37476262917145
14.399419961028814
14.424014219844109
14.448541521898763
14.47299799404745
14.49737977432971
14.521683012579794
14.54590387103465
14.570038524939953
14.59408316315407
14.618033988749895
14.64188721961442
14.665639089045973
14.689285846349033
14.712823757426502
14.736249105369357
14.759558191043602
14.782747333674404
14.805812871427324
14.828751161986569
14.851558583130146
14.874231533301867
14.896766432180064
14.919159721242975
14.941407864330666
14.96350734820343
14.985454683096583
15.007246403271521
15.028879067563013
15.05034925992259
15.071653589957993
15.092788693468538
15.113751232976377
15.134537898253512
15.155145406844536
15.175570504584947
15.195809966115037
15.215860595389211
15.235719226180668
15.255382722581402
15.274847979497379
15.294111923138889
15.313171511505914
15.332023734868503
15.350665616242049
15.369094211857377
15.38730661162561
15.405299939597699
15.423071354418571
15.440618049775814
15.457937254842824
15.475026234716347
15.491882290848364
15.508502761472208
15.524885022022897
15.541026485551578
15.556924603134046
15.572576864273238
15.587980797295671
15.603133969741753
15.618033988749895
15.632678501434368
15.647065195256856
15.661191798391625
15.675056080084284
15.68865585100403
15.701988963589384
15.715053312387305
15.727846834385671
15.740367509339052
15.752613360087727
15.764582452869906
15.77627289762709
15.787682848302527
15.798810503132742
15.80965410493204
15.82021194136999
15.830482345241835
15.84046369473174
15.850154413668916
15.859552971776502
15.868657884913224
15.877467715307748
15.885981071785729
15.89419660998949
15.902113032590307
15.909729089493286
15.917043578034752
15.924055343172173
15.930763277666548
15.937166322257262
15.943263465829348
15.949053745573154
15.954536247136387
15.959710104768494
15.964574501457378
15.96912866905841
15.973371888415736
15.977303489475828
15.980922851393302
15.984229402628955
15.987222621040017
15.9899020339626
15.992267218286345
15.994317800521229
15.996053456856544
15.997473913212035
15.998578945281178
15.9993683785666
15.999842088407632
16.0
16.0
15.931746820720551
15.727569594942429
15.389210290765105
14.919555670469693
14.322612661680997
13.603474171673827
12.768275636483834
11.824142675530545
10.779130298344915
9.642154182068102
8.422914606037693
7.131813692424613
5.7798666589944485
4.378607841153328
2.9399922850651286
1.4762937514128323
9.797174393178826e-16
14.545454545454545
14.574885832417014
14.604312887812572
14.633731480682718
14.663137381285665
14.692526361704504
14.721894196455064
14.75123666309346
14.780549542823175
14.809828621101635
14.839069688246168
14.868268540039255
14.897420978333015
14.926522811652797
14.955569855799824
14.98455793445279
15.013482879768315
15.042340532980202
15.071126744997361
15.099837377000366
15.128468301036522
15.15701540061337
15.185474571290554
15.213841721269947
15.242112771983956
15.270283658681933
15.2983503310146
15.326308753616392
15.354154906685654
15.381884786562608
15.409494406304983
15.436979796261246
15.464337004641362
15.49156209808496
15.518651162226872
15.54560030225993
15.57240564349495
15.59906333191783
15.625569534743672
15.65192044096785
15.678112261913943
15.704141231778477
15.730003608172348
15.755695672658902
15.781213731288567
15.806554115129956
15.831713180797376
15.856687310974676
15.881472914935326
15.906066429058692
15.930464317342395
15.954663071910725
15.978659213518986
16.002449292053733
16.026029887028823
16.049397608077218
16.072549095438422
16.095481020441557
16.118190085983944
16.140673027005164
16.16292661095648
16.184947638265633
16.206732942796847
16.228279392306064
16.24958388889128
16.270643369437966
16.291454806059466
16.312015206532344
16.332321614726602
16.352371111030706
16.372160812771348
16.391687874627934
16.41094948904166
16.429942886619184
16.448665336530798
16.467114146903068
16.485286665205862
16.503180278633724
16.520792414481544
16.53812054051444
16.555162165331865
16.571914838725775
16.58837615203296
16.604543738481322
16.620415273530185
16.635988475204492
16.651261104422925
16.666230965319823
16.680895905560902
16.695253816652702
16.709302634245766
16.72304033843142
16.73646495403222
16.749574550885896
16.762367244122924
16.77484119443748
16.786994608351915
16.798825738474605
16.810332883751204
16.821514389709204
16.83236864869581
16.8428941001091
16.85308923062238
16.862952574401803
16.872482713317083
16.881678277145426
16.890537943768507
16.899060439362582
16.907244538581637
16.915089064733547
16.92259288994928
16.929754935345038
16.936574171177398
16.94304961699135
16.94918034176127
16.95496546402479
16.960404152009517
16.965495623752627
16.97023914721331
16.974634040377996
16.97867967135844
16.982375458482544
16.985720870378014
16.988715426048756
16.99135869494401
16.99365029702029
16.99558990279599
16.99717723339878
16.998412060605688
16.99929420687593
16.999823545376415
17.0
17.0
16.826964511975856
16.311380551446454
15.463743921026813
14.301310058130081
12.84774276402239
11.132632477069846
9.19089389674516
7.062055221032069
4.789453466304304
2.419352250645847
1.0409497792752501e-15
15.09090909090909
15.10133219582268
15.11175393051416
15.122172924941548
15.1325878094231
15.142997214817363
15.153399772703166
15.163794115559515
15.174178876945358
15.18455269167923
15.194914196018711
15.205262027839705
15.21559482681551
15.225911234595639
15.236209894984395
15.246489454119152
15.25674856064834
15.266985865909087
15.277200024104518
15.287389692480673
15.297553531503027
15.30769020503258
15.317798380501511
15.32787672908836
15.337923925892705
15.347938650109343
15.35791958520192
15.367865419075999
15.377774844251558
15.387646558034858
15.397479262689707
15.407271665608055
15.417022479479922
15.42673042246262
15.436394218349283
15.446012596736617
15.455584293191917
15.465108049419289
15.474582613425063
15.484006739682389
15.493379189294956
15.502698730159876
15.511964137129647
15.521174192173211
15.530327684536083
15.539423410899504
15.548460175538644
15.557436790479782
15.566352075656484
15.575204859064728
15.58399397691698
15.592718273795185
15.601376602802656
15.60996782571485
15.618490813128993
15.626944444612556
15.635327608850545
15.643639203791597
15.65187813679285
15.66004332476359
15.668133694307626
15.676148181864406
15.684085733848827
15.691945306789743
15.699725867467137
15.707426393047955
15.715045871220555
15.722583300327798
15.73003768949872
15.737408058778794
15.744693439258747
15.75189287320195
15.759005414170304
15.766030127148671
15.772966088667784
15.779812386925652
15.786568121907418
15.793232405503685
15.799804361627261
15.806283126328324
15.812667847908012
15.81895768703037
15.825151816832703
15.831249423034267
15.837249704043321
15.843151871062497
15.848955148192502
15.854658772534112
15.860261994288468
15.865764076855639
15.871164296931463
15.876461944602624
15.881656323439989
15.886746750590142
15.891732556865172
15.896613086830634
15.90138769889171
15.906055765377562
15.910616672623838
15.91506982105335
15.91941462525489
15.923650514060188
15.927776930619004
15.93179333247232
15.93569919162367
15.93949399460853
15.94317724256183
15.946748451283536
15.950207151302292
15.953552887937153
15.956785221357343
15.95990372664008
15.96290799382644
15.965797627975244
15.968572249214983
15.971231492793754
15.973775009127205
15.976202463844501
15.97851353783227
15.980707927276566
15.982785343702794
15.984745514013643
15.986588180524986
15.988313100999756
15.98992004867978
15.991408812315605
15.992779196194258
15.994031020164977
15.995164119662892
15.996178345730666
15.997073565038066
15.9978496598995
15.998506528289482
15.999044083856045
15.9994622559321
15.999760989544713
15.999940245422342
16.0
16.0
15.216904260722456
12.94427190999916
9.404564036679568
4.944271909999159
9.797174393178826e-16
15.636363636363637
15.640357952289776
15.644351786261765
15.648344656383609
15.652336080875603
15.656325578132483
15.660312666781516
15.6642968657406
15.668277694276293
15.672254672061834
15.676227319235098
15.680195156456481
15.684157704966758
15.688114486644832
15.692065024065435
15.696008840556736
15.699945460257842
15.703874408176231
15.707795210245058
15.711707393380353
15.71561048553811
15.719504015771236
15.723387514286385
15.727260512500635
15.731122543098031
15.73497314008597
15.73881183885143
15.742638176217024
15.7464516904969
15.75025192155243
15.754038410847745
15.757810701505056
15.761568338359782
15.765310868015467
15.769037838898496
15.772748801312568
15.776443307492968
15.780120911660589
15.783781170075722
15.787423641091594
15.791047885207664
15.794653465122641
15.798239945787266
15.801806894456787
15.805353880743189
15.808880476667113
15.812386256709505
15.815870797862953
15.819333679682728
15.822774484337522
15.826192796659852
15.82958820419616
15.832960297256582
15.836308668964376
15.839632915305023
15.842932635174966
15.846207430430013
15.849456905933376
15.852680669603352
15.85587833246062
15.85904950867519
15.862193815612946
15.865310873881823
15.868400307377575
15.871461743329165
15.87449481234374
15.877499148451198
15.880474389148352
15.88342017544267
15.886336151895579
15.88922196666537
15.89207727154964
15.89490172202731
15.89769497730019
15.900456700334107
15.903186557899565
15.905884220611958
15.908549362971309
15.911181663401548
15.913780804289312
15.916346472022266
15.918878357026948
15.92137615380612
15.92383956097563
15.926268281300771
15.92866202173216
15.931020493441078
15.933343411854334
15.935630496688603
15.937881471984229
15.94009606613854
15.942274011938611
15.944415046593507
15.946518911765994
15.9485853536037
15.950614122769762
15.952604974472898
15.954557668496943
15.956471969229844
15.958347645692076
15.960184471564524
15.961982225215783
15.9637406897289
15.965459652927551
15.967138907401644
15.968778250532333
15.970377484516485
15.971936416390527
15.973454858053746
15.974932626290972
15.976369542794696
15.977765434186574
15.979120132038355
15.9804334728922
15.981705298280403
15.982935454744517
15.984123793853865
15.985270172223453
15.986374451531272
15.987436498534981
15.988456185087992
15.989433388154929
15.990367989826469
15.99125987733358
15.992108943061115
15.992915084560808
15.993678204563627
15.994398210991513
15.995075016968492
15.995708540831156
15.996298706138521
15.99684544168124
15.997348681490202
15.997808364844495
15.998224436278726
15.998596845589717
15.99892554784256
15.999210503376046
15.999451677807437
15.999649042036628
15.999802572249651
15.999912249921552
15.999978061818624
16.0
16.18181818181818
16.19119897624041
16.200578537462743
16.209955632447393
16.21932902848079
16.228697493335627
16.23805979543285
16.24741470400356
16.25676098925082
16.266097422511308
16.27542277641684
16.284735825055733
16.29403534413396
16.303320111136074
16.312588905485953
16.321840508707236
16.331073704583506
16.340287279318176
16.349480021694067
16.358650723232607
16.36779817835272
16.37692118452932
16.38601854245136
16.395089056179522
16.404131533303435
16.413144785098407
16.422127626681725
16.4310788771684
16.4399973598264
16.44888190223137
16.457731336420736
16.46654449904725
16.475320231531928
16.48405738021636
16.492754796514355
16.501411337062954
16.510025863872723
16.51859724447736
16.527124352082556
16.53560606571415
16.544041270365458
16.552428857143887
16.56076772341668
16.56905677295589
16.577294916082472
16.585481069809553
16.593614157984778
16.601693111431803
16.609716868090835
16.617684373158255
16.625594579225282
16.633446446415665
16.641238942522392
16.648971043143366
16.656641731816094
16.664250000151302
16.67179484796549
16.679275283412437
16.686690323113567
16.69403899228723
16.701320324876864
16.708533363677965
16.715677160463944
16.722750776110768
16.729753280720423
16.736683753743158
16.743541284098498
16.75032497029502
16.75703392054885
16.763667252900913
16.77022409533287
16.776703585881755
16.783104872753274
16.789427114433803
16.795669479801006
16.801831148233084
16.807911309716676
16.813909164953316
16.819823925464533
16.825654813695493
16.83140106311721
16.837061918327333
16.842636635149432
16.84812448073084
16.853524733638988
16.85883668395625
16.86405963337325
16.8691928952807
16.87423579485962
16.879187669170076
16.884047867238316
16.888815750142363
16.89349069109599
16.89807207553113
16.902559301178655
16.90695177814757
16.91124892900254
16.915450188839806
16.919555005361456
16.923562838948015
16.927473162729402
16.93128546265417
16.934999237557104
16.93861399922509
16.942129272461305
16.945544595147677
16.948859518305646
16.95207360615518
16.955186436172063
16.95819759914344
16.96110669922161
16.96391335397607
16.966617194443796
16.96921786517772
16.971715024293484
16.974108343514377
16.976397508214486
16.97858221746005
16.980662184049045
16.98263713454891
16.984506809332515
16.986270962612277
16.98792936247249
16.98948179089978
16.990928043811802
16.992267931084044
16.993501276574833
16.994627918148478
16.9956477076966
16.9965605111576
16.99736620853426
16.99806469390955
16.998655875460532
16.999139675470442
16.99951603033889
16.99978489059024
16.99994622088011
17.0
17.0
16.16796077701761
13.753288904374106
9.992349288972042
5.253288904374107
1.0409497792752501e-15
16.727272727272727
16.730542870268557
16.733812543090284
16.73708127563141
16.74034859792063
16.74361404018939
16.74687713293945
16.750137407010385
16.753394393647017
16.75664762456685
16.759896632027353
16.76314094889325
16.766380108703668
16.7696136457392
16.772841095088868
16.776061992716976
16.779275875529812
16.782482281442245
16.78568074944415
16.788870819666705
16.792052033448503
16.795223933401484
16.798386063476727
16.801537969029994
16.804679196887104
16.807809295409104
16.81092781455718
16.814034305957378
16.817128322965072
16.820209420729178
16.823277156256108
16.82633108847347
16.829370778293484
16.832395788676106
16.835405684691874
16.838400033584435
16.84137840483277
16.844340370213093
16.84728550386041
16.85021338232976
16.853123584657105
16.85601569241983
16.858889289796927
16.861743963628765
16.864579303476507
16.867394901681106
16.87019035342193
16.872965256774965
16.87571921277059
16.878451825450966
16.881162701926932
16.883851452434524
16.886517690391
16.889161032450414
16.89178109855876
16.894377512008578
16.89694989949316
16.899497891160173
16.902021120664884
16.904519225222796
16.90699184566183
16.90943862647396
16.911859215866315
16.914253265811784
16.91662043209903
16.918960374381996
16.92127275622883
16.92355724517026
16.9258135127474
16.928041234558968
16.930240090307926
16.93240976384755
16.934549943226852
16.936660320735463
16.938740592947866
16.94079046076701
16.94280962946732
16.944797808737082
16.94675471272017
16.94868006005716
16.950573573925762
16.952434982080643
16.95426401689255
16.956060415386812
16.957823919281132
16.95955427502272
16.96125123382477
16.9629145517022
16.964543989506765
16.96613931296141
16.967700292693973
16.96922670427016
16.9707183282258
16.972174950098434
16.973596360458103
16.9749823549375
16.976332734261323
16.977647304274956
16.978925875972354
16.980168265523243
16.981374294299535
16.982543788901012
16.983676581180266
16.984772508266868
16.985831412590787
16.986853141905048
16.98783754930761
16.98878449326251
16.98969383762018
16.99056545163706
16.991399209994363
16.992194992816117
16.992952685686376
16.993672179665705
16.994353371306808
16.99499616266942
16.99560046133439
16.99616618041696
16.996693238579258
16.997181560041998
16.997631074595382
16.998041717609173
16.998413430042003
16.998746158449862
16.99903985499378
16.9992944774467
16.999509989199556
16.99968635926653
16.99982356228952
16.99992157854177
16.999980393930713
17.0
17.0
16.826964511975856
16.311380551446454
15.463743921026813
14.301310058130081
12.84774276402239
11.132632477069846
9.19089389674516
7.062055221032069
4.789453466304304
2.419352250645847
1.0409497792752501e-15
17.272727272727273
17.255927799877217
17.23913125411112
17.22234056200293
17.205558649106685
17.188788439446753
17.172032855008368
17.155294815228526
17.138577236487286
17.12188303159965
17.105215109308045
17.088576373775496
17.071969724079626
17.055398053707535
17.03886425005164
17.022371193906583
17.005921758967304
16.989518811328328
16.973165208984383
16.956863801332442
16.940617428675253
16.92442892172644
16.908301101117313
16.892236776905385
16.876238748084774
16.860309802098516
16.84445271435288
16.82867024773379
16.812965152125443
16.797340163931167
16.781798005596645
16.766341385135554
16.75097299565775
16.73569551490001
16.720511604759473
16.70542391082986
16.690435061940498
16.67554766969828
16.660764328032634
16.646087612743564
16.631520081052855
16.617064271158497
16.602722701792455
16.58849787178181
16.57439225961336
16.56040832300179
16.54654849846144
16.532815200881778
16.519210823106643
16.50573773551731
16.492398285619497
16.47919479763434
16.466129572093415
16.453204885437927
16.44042298962204
16.427786111720536
16.415296453540744
16.40295619123894
16.39076747494114
16.37873242836851
16.36685314846731
16.355131705043533
16.343570140402274
16.33217046899189
16.32093467705299
16.309864722272387
16.298962533441973
16.28823001012266
16.277669022313418
16.267281410125435
16.257068983461515
16.24703352170072
16.23717677338834
16.22750045593124
16.218006255298594
16.208695825728174
16.199570789438084
16.190632736344128
16.181883223782776
16.173323776239833
16.16495588508481
16.156781008311075
16.148800570281807
16.14101596148184
16.133428538275375
16.126039622669648
16.1188505020846
16.11186242912856
16.105076621379983
16.09849426117531
16.092116495402976
16.085944435303546
16.079979156276135
16.074221697691005
16.06867306270848
16.063334218104163
16.05820609410048
16.053289584204606
16.048585545052777
16.044094796261042
16.03981812028245
16.03575626227072
16.031909929950405
16.028279793493585
16.02486648540309
16.021670600402306
16.01869269533155
16.015933289051034
16.013392862350486
16.01107185786535
16.00897067999969
16.007089694855704
16.005429230169955
16.00398957525626
16.002770980955265
16.001773659590775
16.000997784932725
16.00044349216692
16.000110877871478
16.0
16.0
15.962700307048626
15.850975136581292
15.665345402917167
15.406676597564788
15.076174753901128
14.675380824087249
14.206163494438004
13.670710472743817
13.071518288167074
12.411380651270719
11.693375428449986
10.920850291498466
10.097407109216846
9.226885153837875
8.313343200566937
7.361040603698435
6.374417437539865
5.35807379473578
4.3167483385123875
3.2552962088421435
2.178666385539949
1.091878613834736
9.797174393178826e-16
17.818181818181817
17.788120100424802
17.758066601241257
17.728029536957777
17.69801711940782
17.668037553686666
17.638099035908247
17.608209750964388
17.578377870287145
17.548611549614833
17.5189189267623
17.489308119396163
17.45978722281549
17.430364307738643
17.401047418096812
17.37184456883491
17.342763743720326
17.313812893160282
17.284999932028246
17.256332737500095
17.227819146900575
17.19946695556065
17.171283914686335
17.143277729239596
17.115456055831903
17.087826500630964
17.060396617281288
17.033173904839103
17.00616580572217
16.97937970367511
16.952822921750773
16.926502720308164
16.900426295027557
16.874600774943243
16.849033220494555
16.823730621595587
16.79869989572423
16.77394788603101
16.74948135946823
16.725307004939953
16.70143143147333
16.677861166411752
16.654602653630334
16.631662251774237
16.609046232520274
16.58676077886229
16.56481198342079
16.543205846777294
16.52194827583382
16.50104508219802
16.480501980594305
16.46032458730154
16.44051841861757
16.421088889351164
16.402041311341613
16.383380892006556
16.36511273291832
16.347241828409185
16.329773064206012
16.31271121609451
16.296060948613583
16.27982681378012
16.264013249844474
16.248624580077138
16.23366501158677
16.21913863417002
16.205049419193433
16.191401218507703
16.17819776339462
16.165442663546976
16.153139406081714
16.141291354586574
16.12990174820053
16.118973700728255
16.108510199788796
16.098514105998845
16.08898815219063
16.079934942664803
16.071356952478457
16.063256526768456
16.05563588011031
16.048497095912715
16.041842125848
16.03567278931853
16.029990772959305
16.02479763017687
16.0200947807246
16.01588351031459
16.012164970266113
16.008940177190887
16.006210012715144
16.00397522323859
16.002236419730355
16.000994077561952
16.000248536377327
16.0
16.0
15.991065019684074
15.96427005797045
15.919645041416064
15.857239810476482
15.777124063840457
15.67938728058539
15.564138620240595
15.431506800870025
15.281639955310599
15.1147054657267
14.93088977666564
14.73039818682286
14.513454619749451
14.2803013737581
14.031198851306744
13.76642526816223
13.486276342668754
13.191064965468165
12.881120850041007
12.556790164458576
12.218435144757313
11.866433690367321
11.50117894204687
11.123078842794278
10.732555682227575
10.330045624940839
9.91599822336392
9.490875915669685
9.055153509289523
8.609317650613963
8.15386628147068
7.689308082986941
7.2161619074576295
6.734956198853363
6.246228402615917
5.750524365400205
5.248397725433105
4.740409294170147
4.227126429940578
3.7091224042804547
3.1869757616613796
2.6612696733300827
2.1325912859804634
1.601531065985575
1.0686821399219462
0.5346396321227943
9.797174393178826e-16
18.363636363636363
18.35798115930169
18.352327322810968
18.346676221677303
18.341029222752187
18.335387691894905
18.329752993642156
18.324126490878008
18.31850954450427
18.3129035131113
18.307309752649424
18.301729616100946
18.29616445315291
18.29061560987065
18.285084428372187
18.279572246503648
18.274080397515636
18.26861020974078
18.263163006272425
18.257740104644636
18.252342816513494
18.246972447339868
18.241630296073627
18.236317654839493
18.23103580862449
18.225786034967136
18.220569603648453
18.21538777638484
18.210241806522887
18.205132938736227
18.200062408724495
18.195031442914427
18.190041258163227
18.185093061464247
18.18018804965504
18.17532740912788
18.17051231554281
18.16574393354326
18.16102341647439
18.156351906104078
18.1517305323468
18.147160412990303
18.142642653425263
18.1381783463779
18.1337685716457
18.129414395836218
18.125116872109114
18.1208770399214
18.116695924776042
18.11257453797391
18.108513876369173
18.10451492212818
18.10057864249191
18.096705989542013
18.09289789997054
18.08915529485336
18.0854790794274
18.081870142871676
18.07832935809223
18.074857581510997
18.071455652858663
18.068124394971544
18.064864613592583
18.06167709717644
18.0585626166988
18.0555219254699
18.052555758952305
18.04966483458303
18.04684985160002
18.044111490872993
18.041450414738794
18.038867266841166
18.03636267197508
18.03393723593561
18.031591545371413
18.02932616764282
18.02714165068464
18.02503852287358
18.02301729290048
18.021078449647277
18.019222462068726
18.01744977907901
18.01576082944312
18.01415602167319
18.01263574392966
18.011200363927394
18.00985022884675
18.008585665249598
18.007406979000333
18.006314455191905
18.005308358076842
18.004388931003362
18.003556396356483
18.002810955504263
18.002152788749072
18.001582055283993
18.001098893154317
18.00070341922415
18.000395729148142
18.000175897348367
18.00004397699631
18.0
18.0
17.98679125891458
17.947184421307327
17.881237615674152
17.789047628046273
17.670749759943387
17.526517629800022
17.356562918156538
17.16113505698875
16.94052086363211
16.695044119837704
16.4250650965779
16.130980025299
15.813220516396964
15.472252925769622
15.1085776703751
14.722728493800917
14.315271682921676
13.886805236794974
13.43795798901533
12.969388684814167
12.481785014260351
11.975862602980177
11.452363961878076
10.912057397399483
10.355735883935171
9.78421590002198
9.198336230047985
8.598956733220733
7.986957081605274
7.36323546908412
6.728707293133838
6.084303811353049
5.4309707747134635
4.76966703953991
4.101363160256479
3.4270399649640315
2.7476871159397405
2.0643016571712094
1.377886551056922
0.6894492064206389
1.102182119232618e-15
18.909090909090907
18.92510524968289
18.94111613904839
18.957120126704705
18.973113763656496
18.989093603139093
19.005056201361302
19.020998118247565
19.036915918179325
19.052806170735437
19.068665451431446
19.0844903424576
19.10027743341541
19.116023322052623
19.131724614996443
19.14737792848481
19.162979889095663
19.178527134473907
19.194016314056054
19.20944408979228
19.224807136865824
19.240102144409487
19.25532581621918
19.270474871464263
19.2855460453946
19.300536090044147
19.3154417749309
19.330259887753105
19.344987235081536
19.359620643047695
19.374156958027818
19.38859304732251
19.402925799831852
19.417152126725885
19.43126896211028
19.445273263687053
19.459162013410214
19.472932218136172
19.486580910268806
19.500105148398976
19.513502017938443
19.52676863174798
19.539902130759586
19.552899684592614
19.56575849216377
19.578475782290756
19.591048814289483
19.603474878564718
19.615751297194016
19.627875424504847
19.63984464764475
19.65165638714443
19.663308097473656
19.67479726758984
19.686121421479196
19.697278118690328
19.70826495486019
19.719079562232224
19.729719610166644
19.740182805642707
19.750466893752876
19.76056965818878
19.770488921718822
19.780222546657438
19.789768435325737
19.79912453050359
19.808288815872988
19.817259316452557
19.8260340990232
19.834611272544706
19.8429889885633
19.851165441609986
19.859138869589657
19.86690755416083
19.874469821105958
19.881824040692265
19.88896862802293
19.895902043378676
19.902622792549575
19.909129427157072
19.91542054496612
19.921494790187374
19.927350853769372
19.932987473680647
19.938403435181712
19.943597571086844
19.94856876201562
19.953315936634148
19.95783807188596
19.96213419321248
19.96620337476306
19.9700447395945
19.973657459860032
19.97704075698774
19.98019390184835
19.98311621491234
19.98580706639642
19.988265876399225
19.990492115026314
19.992485302504335
19.994245009284455
19.99577085613491
19.99706251422274
19.998119705184646
19.998942201186996
19.999529824974907
19.999882449910466
20.0
20.0
19.979861330826296
19.91948587990478
19.818995235358695
19.67859177197259
19.498558243636474
19.279257213917063
19.02113032590307
18.724697412794743
18.390555451029012
18.019377358048384
17.61191063713476
17.168975872037322
16.691465074426052
16.18033988749895
15.636629649360597
15.06142932007222
14.45589727654783
13.821252979737295
13.158774518794253
12.469796037174671
11.755705045849464
11.01793962904205
10.257985548118123
9.477373249459975
8.677674782351163
7.860500633078473
7.0274964816268595
6.180339887498949
5.320736911333503
4.4504186791262885
3.571137895972734
2.6846653163531107
1.792786178068671
0.8972966070102997
1.2246467991473533e-15
19.454545454545453
19.480097914638915
19.50564338894493
19.531174893585888
19.55668544850335
19.58216807936633
19.607615819477985
19.633021711680268
19.658378810255922
19.68368018282739
19.70891891225204
19.734088098513258
19.759180860606833
19.784190338422153
19.809109694617707
19.833932116490324
19.85865081783772
19.88325904081376
19.90775005777599
19.93211717312492
19.95635372513451
19.980453087773448
20.004408672516615
20.02821393014634
20.05186235254288
20.07534747446368
20.098662875310904
20.12180218088676
20.144759065136157
20.16752725187615
20.19010051651184
20.212472687738057
20.234637649226578
20.25658934129824
20.278321762579626
20.29982897164375
20.321105088634404
20.342144296873638
20.362940844452
20.38348904580104
20.40378328324767
20.42381800855001
20.443587744414216
20.463087085991898
20.482310702357765
20.501253337967054
20.51990981409233
20.5382750302393
20.55634396554125
20.574111680131683
20.591573316494838
20.608724100793694
20.625559344175063
20.64207444405151
20.65826488535963
20.674126241794426
20.689654177019428
20.704844445852192
20.71969289542489
20.73419546631967
20.748348193678453
20.7621472082869
20.775588737632198
20.78866910693443
20.801384740151246
20.81373216095548
20.825707993685583
20.837308964268452
20.848531901114573
20.85937373598507
20.869831504830543
20.879902348601412
20.889583514029546
20.898872354380984
20.907766330179523
20.91626300990098
20.924360070637963
20.932055298734916
20.93934659039331
20.946231952246812
20.952709501906238
20.958777468474192
20.9644341930292
20.969678129079252
20.97450784298459
20.978922014349664
20.982919436384087
20.9864990162326
20.989659775273804
20.992400849387746
20.994721489192127
20.996621060247197
20.9980990432292
20.99915503407234
20.99978874407927
21.0
21.0
20.988272838335348
20.953104451086215
20.894534116858583
20.812627251250383
20.7074753337906
20.579195805768325
20.42793193906578
20.253852676141907
20.05715244134516
19.838050923766296
19.596792831873653
19.333647620205003
19.048909188421156
18.742895553057505
18.415948492340103
18.068433164462927
17.70073769975274
17.313272767176965
16.906471115678823
16.48078709085188
16.036696127493972
15.574694218607108
15.095297361436517
14.59904098116749
14.086479332923693
13.558184882734851
13.014747668165144
12.456774639316462
11.884888980942499
11.299729416430827
10.701949494430268
10.092216858920361
9.471212503538139
8.83963001099504
8.19817477843339
7.547563229587769
6.888522014630951
6.221787198598317
5.548103439297009
4.868223155618097
4.182905687180561
3.4929164462457334
2.799026062849358
2.1020095241060672
1.4026453086475543
0.7017145171611675
1.2858791391047208e-15
20.0
20.033067889532717
20.066126738634615
20.099167509346444
20.1321811686514
20.165158690944665
20.198091060500925
20.230969273939174
20.263784342684136
20.296527295423683
20.329189180561468
20.36176106866422
20.39423405490296
20.426599261487492
20.458847840093505
20.4909709742816
20.52295988190764
20.55480581752369
20.586500074768928
20.618033988749893
20.649398938409366
20.680586348883285
20.711587693845033
20.742394497836443
20.772998338584905
20.803390849305938
20.833563720990583
20.863508704676985
20.893217613705612
20.922682325957375
20.951894786074146
20.980847007661016
21.00953107546969
21.03793914756243
21.06606345745599
21.093896316244855
21.121430114703344
21.14865732536589
21.175570504584947
21.20216229456605
21.228425425379335
21.254352716947075
21.279937081006633
21.305171523048337
21.330049144227697
21.354563143251482
21.37870681823713
21.402473568544977
21.425856896582793
21.448850409582178
21.471447821346263
21.49364295396831
21.51542973952067
21.536802221713717
21.557754557524223
21.578281018792786
21.59837599378985
21.618033988749893
21.637249629373386
21.65601766229604
21.674332956525056
21.69219050484187
21.709585425171078
21.726512961915148
21.742968487254554
21.75894750241298
21.774445638887222
21.789458659641525
21.803982460265917
21.818013070098324
21.831546653310113
21.84457950995477
21.857108076979415
21.869128929198922
21.880638780232324
21.89163448340127
21.902113032590307
21.912071563068714
21.921507352273697
21.9304178205547
21.938800531878663
21.94665319449601
21.953973661567197
21.960759931749617
21.967010149744766
21.972722606805444
21.977895741202936
21.98252813865395
21.986618532707276
21.990165805090022
21.99316898601334
21.99562725443755
21.997539938296608
21.998906514681853
21.99972660998494
22.0
22.0
21.987714402065603
21.95087132970937
21.889511931947087
21.803704739405163
21.69354558778063
21.559157510804912
21.400690602830817
21.218321851196286
21.012254938552072
20.782720015374213
20.529973442915256
