22.0
22.158836325788158
22.317623175152672
22.476311087081466
22.6348506313808
22.793192424072416
22.951287142776337
23.10908554207443
23.266538468850015
23.423596877598737
23.580211845705886
23.736334588685473
23.891916475376238
24.046909043089958
24.2012640127072
24.354933303715967
24.50786904918843
24.660023610691155
24.81134959312415
24.96179985948409
25.111327545547205
25.259886074467143
25.40742917128333
25.55391087733532
25.699285564578595
25.843507949797385
25.98653310871007
26.128316489962813
26.26881392900697
26.407981661856056
26.545776338717925
26.68215503749794
26.817075277168893
26.95049503100357
27.08237273966578
27.212667324155802
27.341338198606206
27.46834528292409
27.593649015275734
27.717210364409848
27.838990841815534
27.958952513711203
28.077058012860675
28.19327055021282
28.307553926361095
28.41987254281942
28.530191413110842
28.6384761736656
28.744693094525125
28.848809089848707
28.9507917282195
29.050609242746674
29.148230540960597
29.243625214497932
29.336763548573607
29.427616531236797
29.51615586240792
29.60235396269394
29.686183981979138
29.767619807788755
29.846636073422847
29.923208165857822
29.997312233413243
30.068925193181457
30.138024738217766
30.204589344488877
30.268598277577503
30.330031599140987
30.38887017312196
30.445095671709065
30.498690581046002
30.549638206686918
30.59792267879664
30.643528957094013
30.686442835536845
30.726650946746993
30.7641407661742
30.79890061599743
30.83091966876239
30.860187950754252
30.886696345104355
30.910436594630088
30.93140130440691
30.94958394407184
30.9649788498576
30.977581226356875
30.987387148016005
30.994393560357803
30.99859828093299
31.0
31.0
30.986385931772624
30.945555684693964
30.877545121071723
30.782413976419026
30.660245806987085
30.511147916375503
30.335251261284625
30.132710336492732
29.903703039159122
29.648430512572194
29.367116969479934
29.060009495157747
28.72737783038684
28.36951413453357
27.98673272893805
27.57936982083717
27.14778320806474
26.69235196478802
26.21347610855661
25.711576248956256
25.18709321817612
24.64048768381395
24.072239744259317
23.482848507010225
22.87283165029355
22.242724968374265
21.593081900952907
20.924473047064527
20.23748566390617
19.532723151033043
18.810804520376397
18.072363852548637
17.31804973991323
16.548524716908517
15.764464678125837
14.966558284653097
14.15550635920511
13.332021270572136
12.496826307927142
11.650655045541384
10.794250698466367
9.92836546974797
9.053759889746258
8.171202148141102
7.281467419210497
6.385337180974057
5.483598528799766
4.57704348407692
3.666468298562339
2.7526727550109817
1.8364594647051433
0.9186331624993566
1.8982025386783976e-15
22.416666666666668
22.591754112609564
22.76676869702861
22.941637588720816
23.116288017112293
23.290647302541256
23.464642886503206
23.6382023618457
23.8112535029001
23.983724295537854
24.155542967138697
24.326638016458368
24.496938243383408
24.66637277856063
24.83487111288894
25.002363126861262
25.168779119744315
25.33404983858413
25.498106507025224
25.66088085393145
25.822305141796583
25.98231219493286
26.140835427425706
26.297808870843053
26.453167201687656
26.60684576858108
26.758780619167936
26.908908526729252
27.057167016493878
27.20349439163695
27.347829758954646
27.490113054204475
27.630285067100665
27.76828746595413
27.904062821946816
28.037554633030364
28.168707347439053
28.29746638680733
28.42377816888224
28.54759012982134
28.66885074606681
28.78750955578665
28.90351717987405
29.01682534249619
29.127386891183924
29.235155816453968
29.34008727095547
29.44213758813293
29.541264300397774
29.63742615680097
29.730583140199336
29.820696483908417
29.907728687835014
29.99164353408259
30.072406102023123
30.1499827828291
30.224341293459617
30.295450690094768
30.36328138101271
30.427805138904063
30.488995112618547
30.546825838338897
30.601273250177464
30.652314690191105
30.69992891781012
30.744096118677387
30.784797912893985
30.822017362667864
30.8557389793624
30.885948729941894
30.91263404281134
30.93578381304799
30.955388407022618
30.971439666408493
30.9839309115764
30.99285694437434
30.99821405029069
31.0
31.0
30.990948436485983
30.963799031802125
30.918567640436226
30.85528067624711
30.773975097039674
30.674698382982584
30.557508508881178
30.422473910321816
30.269673443707436
30.099196340207612
29.911142153650097
29.705620702384152
29.48275200514976
29.242666210990034
28.98550352324786
28.71141411769107
28.420558054814055
28.11310518636691
27.789235056166817
27.44913679524951
27.09300901142206
26.721059673281523
26.333505988767154
25.930574278317028
25.512499842703345
25.079526825623372
24.631908071126382
24.169904975959895
23.693787336921297
23.203833193304135
22.700328664530982
22.18356778306775
21.65385232271705
21.111491622390712
20.556802405464648
19.990108594821287
19.411741123687726
18.822037742380047
18.221342821066663
17.61000714866583
16.988387727994773
16.356847567290114
15.715755468221303
15.065485810520787
14.406418333356827
13.738937913576482
13.063434340948401
12.380302090536558
11.689940092337935
10.992751498318603
10.289143446984378
9.579526825623372
8.864316030359365
8.143928724156194
7.418785592914286
6.6893100998019905
5.955928237964964
5.219068281758191
4.479160536645855
3.736637087915013
2.991931548349972
2.2454788050146344
1.4977147652907183
0.749076102320098
1.8982025386783976e-15
22.833333333333332
22.98489449369162
23.13641421874199
23.28785108450454
23.439163689652244
23.590310666829712
23.741250693962574
23.89194250555454
24.042344903968964
24.192416770691885
24.34211707757339
24.49140489804434
24.640239418305235
24.788579948484344
24.936385933761887
25.083616965457324
25.23023279207668
25.37619333031691
25.52145867602426
25.665989115103685
25.809745134376264
25.952687432381726
26.094776930123068
26.235974781750357
26.376242385180813
26.515541392652217
26.65383372120683
26.79108156310285
26.927247396150726
27.062293993971302
27.196184436173173
27.328882118446323
27.460350762569398
27.590554426327806
27.719457513339943
27.847024782788914
27.973221359057
28.098012741260316
28.221364812681003
28.343243850094396
28.46361653298862
28.58244995267409
28.6997116212804
28.81536948063821
28.92939191104361
29.041747739902625
29.15240625025352
29.26133718916448
29.368510776004474
29.473897710584982
29.577469181170372
29.679196872354744
29.77905297280307
29.87701018285454
29.97304172198603
30.067121336133606
30.159223304870142
30.24932244843702
30.337394134628013
30.423414285523517
30.507359384073176
30.58920648052524
30.668933198700774
30.746517742111095
30.821938899916706
30.89517605272615
30.966209178233107
31.035018856690332
31.10158627621879
31.165893237950655
31.22792216100469
31.287656087292692
31.34507868615565
31.40017425882839
31.45292774273148
31.50332471558915
31.55135139937224
31.596994664064944
31.64024203125444
31.681081677542362
31.719502437777194
31.75549380810672
31.78904594884966
31.820149687185754
31.848796519663505
31.874978614524956
31.898688813846796
31.91992063549727
31.938668274908352
31.954926606662603
31.96869118589447
31.979958249505433
31.988724717192795
31.99498819229182
31.998746962430964
32.0
32.0
31.982130039368148
31.9285401159409
31.83929008283213
31.714479620952964
31.554248127680914
31.35877456117078
31.12827724048119
30.86301360174005
30.563279910621198
30.2294109314534
29.86177955333128
29.46079637364572
29.026909239498902
28.5606027475162
28.062397702613488
27.53285053632446
26.972552685337508
26.38212993093633
25.762241700082015
25.113580328917152
24.436870289514626
23.732867380734643
23.00235788409374
22.246157685588557
21.46511136445515
20.660091249881678
19.83199644672784
18.98175183133937
18.110307018579046
17.218635301227927
16.30773256294136
15.378616165973883
14.432323814915259
13.469912397706725
12.492456805231834
11.50104873080041
10.49679545086621
9.480818588340293
8.454252859881157
7.418244808560909
6.373951523322759
5.322539346660165
4.265182571960927
3.20306213197115
2.1373642798438923
1.0692792642455886
1.959434878635765e-15
23.25
23.417181978143773
23.584323519400748
23.751384196664738
23.918323602388416
24.085101358356816
24.251677125453767
24.41801061341885
24.584061590592537
24.749789893647172
24.91515543730141
25.080118224015784
25.244638353667053
25.408676033198972
25.572191586247197
25.73514546273592
25.897498248444016
26.059210674538253
26.220243627071426
26.38055815644296
26.54011548681979
26.698877025515202
26.856804372323392
27.01385932880745
27.170003907538543
27.325200341284077
27.479411092142588
27.632598860623155
27.78472659466717
27.93575749861024
28.085655042082085
28.23438296884227
28.381905305549616
28.528186370463214
28.67319078207288
28.816883467657
28.959229671765705
29.100194964627292
29.239745250475856
29.37784677579816
29.514466137497735
29.64957029097416
29.783126558115715
29.915102635203333
30.04546660072401
30.174186923091774
30.301232468274353
30.42657250732365
30.550176723808274
30.672015221146278
30.792058529836346
30.9102776145857
31.026643881332934
31.141129184164196
31.253705832120914
31.364346595897516
31.473024714427464
31.579713901356065
31.684388351398432
31.7870227465811
31.887592262365764
31.98607257365369
32.08243986066931
32.176670814721575
32.26874264384174
32.35863307829611
32.44632037597251
32.53178332763913
32.615001262074465
32.69595405106714
32.774622114284384
32.850986424008006
32.9250285097367
32.99673046265353
33.06607493995765
33.13304516905904
33.19762495163535
33.25979866754984
33.319551278629504
33.37686833230238
33.43173596509325
33.484140905976844
33.53407047958776
33.58151260928629
33.626455820079435
33.668889241396414
33.70880260971795
33.746186271058775
33.78103118330263
33.81332891838933
33.843071664353324
33.870252227213136
33.894864032711446
33.91690112790522
33.93635818260557
33.953230490666954
33.96751397112551
33.97920516918614
33.98830125705807
33.99480003463887
33.998699930046605
34.0
34.0
33.97505015572754
33.90023724024717
33.77567105182895
33.60153440853185
33.378082879893064
33.10564441184449
32.7846188454068
32.41547732986764
31.998761631305094
31.53508333747122
31.0251229602027
30.46962893667589
29.869416530972043
29.22536663756484
28.5384244884863
27.8095982660684
27.039957623296498
26.23063211394606
25.382809534806732
24.49773418242676
23.576705026936217
22.621073805629223
21.632243039103034
20.611663972865692
19.560834447433102
18.48129670004152
17.37463510120175
16.24247382941694
15.086474487476629
13.90833366382556
12.709780442586139
11.492573865889092
10.258500352236542
9.009371074686497
7.747019302706683
6.473297711598726
5.190075663441732
3.899236463545618
2.6026745964408526
1.3022929454612067
2.0818995585505003e-15
23.666666666666668
23.774318622868325
23.881947379158646
23.989529740626086
24.09704252235756
24.20446255443503
24.311766686928774
24.418931794886426
24.52593478331659
24.632752592166007
24.73936220128918
24.845740635409435
24.951864969070268
25.057712331575992
25.163259911920544
25.268484963703475
25.373364810031976
25.477876848407952
25.58199855559904
25.685707492492572
25.788981308931383
25.89179774853046
25.99413465347339
26.09596996928756
26.197281749597053
26.298048160852332
26.3982474870355
26.497858134340333
26.59685863582589
26.69522765604285
26.792943995631465
26.88998659589021
26.98633454331412
27.0819670741018
27.176863578630236
27.27100360589632
27.364366867924222
27.456933244137623
27.54868278569587
27.639595719793117
27.729652453919535
27.81883358008366
27.907119878994994
27.994492324205908
28.08093208621202
28.16642053651009
28.250939251612643
28.334470017018383
28.41699483113756
28.49849590917148
28.578955686945275
28.65835682469313
28.73668221079514
28.813914965465045
28.890038444387926
28.965036242307214
29.038892196560173
29.111590390561062
29.183115157231327
29.25345108237597
29.32258300800545
29.390496035602336
29.457175529332098
29.522607119197232
29.58677670413411
29.649670455051908
29.711274817812857
29.771576516153306
29.830562554544848
29.888220220994974
29.944537089786625
29.99950102415602
30.053100178908252
30.10532300297001
30.15615824187895
30.20559494020911
30.25362244393192
30.30023040271221
30.345408772138814
30.389147815889217
30.431438107827827
30.472270534037357
30.511636294782996
30.54952690640879
30.585934203165962
30.620850338972687
30.654267789105
30.68617935181843
30.71657814990006
30.74545763215057
30.772811574796144
30.7986340828297
30.822919591281327
30.84566286641759
30.866859006869444
30.8865034446885
30.90459194633148
30.921120613572576
30.93608588434354
30.949484533501362
30.96131367352329
30.97157075512913
30.980253567830637
30.987360240407895
30.99288924131257
30.99683937899799
30.999209802175912
31.0
31.0
30.968785062780757
30.87520311385241
30.719442614805978
30.50181724655752
30.222765277636533
29.88284868157145
29.48275200514976
29.023280989831854
28.50536094909497
27.930034904974992
27.29846148755888
26.61191260165785
25.871770865360382
25.079526825623372
24.236775956508925
23.34521544611194
22.406640778649138
21.422942118592808
20.396100504131095
19.32818385762074
18.221342821066667
17.07780642501518
15.89987759958309
14.68992853666296
13.450395912644304
12.183775981271634
10.892619546521631
9.579526825623372
8.24714221256693
6.898148952645748
5.535263738757738
4.1612312403473215
2.77881857600644
1.3908097408659645
1.8982025386783976e-15
24.083333333333332
24.237555468210147
24.39174030084255
24.545850538008555
24.699848904528846
24.853698152282643
25.00736106921704
25.160800488347622
25.313979296748155
25.466860444527235
25.61940695378967
25.771581927580453
25.923348558809142
26.07467013915254
26.22551006793346
26.37583186097345
26.525599159417347
26.674775738527533
26.82332551644573
26.97121256292025
27.118401107996547
27.26485555066906
27.410540467492122
27.555420621147956
27.699460968969664
27.842626671417094
27.984883100503627
28.126195848171747
28.26653073461545
28.405853816547427
28.544131395409053
28.681330025521163
28.817416522173676
28.952357969652113
29.08612172919901
29.218675446908392
29.34998706155131
29.480024812330605
29.608757246563
29.736153227286678
29.862181940792482
29.98681290407694
30.110015972215272
30.231761345652686
30.352019577412072
30.470761580216443
30.587958633524405
30.703582390476857
30.81760488475337
30.929998537336488
31.040736163182366
31.14979097779611
31.257136603710226
31.362747076864647
31.466596852886735
31.568660813269798
31.66891427144859
31.767332978770323
31.863893130359795
31.958571370877138
32.051344800166866
32.14219097879682
32.23108793348564
32.318014162417576
32.40294864044316
32.48587082416463
32.566760656904876
32.64559857355858
32.72236550532451
32.79704288431775
32.86961264806079
32.94005724385235
33.00835963301292
33.07450329500597
33.1384722314338
33.200250969907174
33.259824567787646
33.317178615801794
33.37229924152644
33.42517311274406
33.47578744066742
33.52412998303291
33.570189047061575
33.61395349228735
33.655412733251566
33.694556742063355
33.73137605082509
33.76586175392244
33.79800551017839
33.827799544870786
33.855236651612756
33.88031019409584
33.90301410769506
33.92334290093582
33.94129165682219
33.9568560340261
33.97003226793749
33.98081717157481
33.98920813635589
33.99520313272888
33.99880071066315
34.0
34.0
33.97505015572754
33.90023724024717
33.77567105182895
33.60153440853185
33.378082879893064
33.10564441184449
32.7846188454068
32.41547732986764
31.998761631305094
31.53508333747122
31.0251229602027
30.46962893667589
29.869416530972043
29.22536663756484
28.5384244884863
27.8095982660684
27.039957623296498
26.23063211394606
25.382809534806732
24.49773418242676
23.576705026936217
22.621073805629223
21.632243039103034
20.611663972865692
19.560834447433102
18.48129670004152
17.37463510120175
16.24247382941694
15.086474487476629
13.90833366382556
12.709780442586139
11.492573865889092
10.258500352236542
9.009371074686497
7.747019302706683
6.473297711598726
5.190075663441732
3.899236463545618
2.6026745964408526
1.3022929454612067
2.0818995585505003e-15
24.5
24.614715124180336
24.72939451538804
24.84400245178106
24.958503233775023
25.072861195163412
25.187040714227354
25.301006224831532
25.41472222750279
25.528153300487975
25.641264110787585
25.75401942516173
25.866384121105064
25.97832319778719
26.0898017869552
26.200785163794865
26.311238757747198
26.421128163276947
26.530419150589662
26.639077676294065
26.747069894006316
26.854362164892937
26.960921068149073
27.06671341140884
27.171706241084543
27.275866852631445
27.379162800735052
27.48156190941759
27.58303228206059
27.683542311340485
27.783060689074055
27.881556415970735
27.978998811288644
28.075357522391467
28.170602534203063
28.26470417855697
28.357633143437816
28.449360482111842
28.539857622143586
28.629096374296
28.71704894131122
28.803687926569204
28.8889863426216
28.972917619598146
29.055455613483012
29.13657461425847
29.216249353913387
29.294455014314046
29.371167234934813
29.446362120446288
29.520016248158527
29.59210667531704
29.66261094624932
29.731507099359618
29.798773673969826
29.864389717004354
29.928334789516832
29.990588973056735
30.051132875873822
30.109947638958545
30.167014941916502
30.222317008675095
30.275836613020676
30.327557083964386
30.37746231093505
30.425536748797523
30.471765422694865
30.516133932712936
30.558628458365856
30.599235762900992
30.63794319742211
30.67473870482944
30.70961082357535
30.742548691234564
30.773542047887723
30.802581239317274
30.829657220014703
30.854761555998145
30.877886427439506
30.899024631100293
30.91816958257537
30.935315318343953
30.950456497627215
30.963588404051883
30.97470694711938
30.983808663479966
30.99089071801156
30.99595090470286
30.998987647340492
31.0
31.0
30.986385931772624
30.945555684693964
30.877545121071723
30.782413976419026
30.660245806987085
30.511147916375503
30.335251261284625
30.132710336492732
29.903703039159122
29.648430512572194
29.367116969479934
29.060009495157747
28.72737783038684
28.36951413453357
27.98673272893805
27.57936982083717
27.14778320806474
26.69235196478802
26.21347610855661
25.711576248956256
25.18709321817612
24.64048768381395
24.072239744259317
23.482848507010225
22.87283165029355
22.242724968374265
21.593081900952907
20.924473047064527
20.23748566390617
19.532723151033043
18.810804520376397
18.072363852548637
17.31804973991323
16.548524716908517
15.764464678125837
14.966558284653097
14.15550635920511
13.332021270572136
12.496826307927142
11.650655045541384
10.794250698466367
9.92836546974797
9.053759889746258
8.171202148141102
7.281467419210497
6.385337180974057
5.483598528799766
4.57704348407692
3.666468298562339
2.7526727550109817
1.8364594647051433
0.9186331624993566
1.8982025386783976e-15
24.916666666666668
25.04075776913105
25.164797231874648
25.28873343666621
25.412514808244634
25.536089835781667
25.659407094317807
25.782415266162484
25.905063162249586
26.02729974343945
26.149074141758494
26.27033568156758
26.391033900650378
26.511118571212872
26.630539720785364
26.749247653018177
26.867192968362474
26.984326584627585
27.100599757406226
27.215964100359184
27.330371605350976
27.443774662428144
27.556126079631813
27.66737910263634
27.777487434205817
27.886405253460378
27.994087234944267
28.100488567487723
28.205564972854887
28.30927272416988
28.411568664113485
28.51241022288278
28.611755435906296
28.709562961307295
28.80579209710794
28.90040279816715
28.993355692845153
29.08461209938772
29.174134042023336
29.261884266766582
29.347826256921138
29.431924248275976
29.514143243988403
29.594449029147786
29.67280818501385
29.749188102923686
29.823556997861644
29.895883921686444
29.966138776010073
30.03429232472302
30.10031620616069
30.164182944905967
30.225865963222873
30.285339592116788
30.342579082016385
30.39756061307305
30.45026130507332
30.50065922696037
30.548733405960462
30.59446383631065
30.63783148758402
30.67881831260912
30.717407254980145
30.753582256154857
30.78732826213727
30.818631229742227
30.847478132439427
30.873856965774312
30.897756752363644
30.919167546463676
30.938080438109008
30.954487556820418
30.968382074880108
30.97975821017301
30.988611228592983
30.99493744601288
30.99873422981767
31.0
31.0
30.990948436485983
30.963799031802125
30.918567640436226
30.85528067624711
30.773975097039674
30.674698382982584
30.557508508881178
30.422473910321816
30.269673443707436
30.099196340207612
29.911142153650097
29.705620702384152
29.48275200514976
29.242666210990034
28.98550352324786
28.71141411769107
28.420558054814055
28.11310518636691
27.789235056166817
27.44913679524951
27.09300901142206
26.721059673281523
26.333505988767154
25.930574278317028
25.512499842703345
25.079526825623372
24.631908071126382
24.169904975959895
23.693787336921297
23.203833193304135
22.700328664530982
22.18356778306775
21.65385232271705
21.111491622390712
20.556802405464648
19.990108594821287
19.411741123687726
18.822037742380047
18.221342821066663
17.61000714866583
16.988387727994773
16.356847567290114
15.715755468221303
15.065485810520787
14.406418333356827
13.738937913576482
13.063434340948401
12.380302090536558
11.689940092337935
10.992751498318603
10.289143446984378
9.579526825623372
8.864316030359365
8.143928724156194
7.418785592914286
6.6893100998019905
5.955928237964964
5.219068281758191
4.479160536645855
3.736637087915013
2.991931548349972
2.2454788050146344
1.4977147652907183
0.749076102320098
1.8982025386783976e-15
25.333333333333332
25.44355963177572
25.55375579544872
25.66389169782148
25.773937228837994
25.88386230314888
25.993636868336417
26.103230913130574
26.21261447561379
26.321757651412277
26.43063060187156
26.539203562214066
26.647446849676534
26.755330871624977
26.862826133645008
26.969903247605327
27.07653293969213
27.182686058412298
27.288333582563098
27.393446629166316
27.497996461364554
27.60195449627762
27.705292312816773
27.807981659454803
27.90999446194968
28.011302831019794
28.1118790699686
28.211695682256618
28.31072537901871
28.408941086524585
28.50631595358049
28.602823358870054
28.69843691823229
28.793130491874766
28.88687819151996
28.979654387482846
29.071433715677816
29.16219108455296
29.25190168194982
29.340540981886832
29.42808475126445
29.514509056490247
29.59979027002211
29.68390507682779
29.766830480758987
29.848543810838272
29.929022727457106
30.008245228483258
30.08618965527598
30.16283469860726
30.238159404487543
30.31214317989436
30.38476579840223
30.45600740571239
30.52584852508075
30.59427006264262
30.66125331263283
30.72677996249965
30.790832097911284
30.853392207653467
30.914443188416858
30.9739683494729
31.031951417236925
31.08837653971716
31.143228290848512
31.196491674709925
31.248152129624078
31.298195532138422
31.346608200886394
31.393376900327752
31.43848884436705
31.48193169984923
31.52369358993138
31.563763097329737
31.602129267441075
31.638781611337564
31.673710108634356
31.706905210229053
31.73835784091232
31.76805940184899
31.796001772928868
31.822177314986707
31.846578871890664
31.869199772498728
31.89003383248255
31.90907535601815
31.92631913734312
31.941760462179836
31.955395109024252
31.967219350300077
31.9772299533778
31.985424181458498
31.991799794322034
31.996355048939506
31.999088699949795
32.0
32.0
31.982130039368148
31.9285401159409
31.83929008283213
31.714479620952964
31.554248127680914
31.35877456117078
31.12827724048119
30.86301360174005
30.563279910621198
30.2294109314534
29.86177955333128
29.46079637364572
29.026909239498902
28.5606027475162
28.062397702613488
27.53285053632446
26.972552685337508
26.38212993093633
25.762241700082015
25.113580328917152
24.436870289514626
23.732867380734643
23.00235788409374
22.246157685588557
21.46511136445515
20.660091249881678
19.83199644672784
18.98175183133937
18.110307018579046
17.218635301227927
16.30773256294136
15.378616165973883
14.432323814915259
13.469912397706725
12.492456805231834
11.50104873080041
10.49679545086621
9.480818588340293
8.454252859881157
7.418244808560909
6.373951523322759
5.322539346660165
4.265182571960927
3.20306213197115
2.1373642798438923
1.0692792642455886
1.959434878635765e-15
25.75
25.878302448342893
26.006573863726153
26.134783220696196
26.262899508809713
26.3908917401343
26.51872895674359
26.646380238205165
26.77381470905939
26.901001546287365
27.027909986766197
27.15450933470979
27.28076896909332
27.406658351059676
27.53214703130599
27.6572046574485
27.78180098136401
27.9059058665061
28.02948929519435
28.15252137587483
28.27497235035007
28.396812600976784
28.51801265782958
28.638543205828974
28.758375091831905
28.87747933168313
28.99582711722571
29.113389823268932
29.230139014512012
29.34604645242181
29.461084102062994
29.57522413887895
29.6884389554218
29.80070116802991
29.911983623451277
30.022259405411184
30.131501841122518
30.239684507737223
30.346781238737286
30.452766130263708
30.557613547381983
30.661298130282496
30.763794800414388
30.865078766551395
30.965125530788193
31.06391089446578
31.161410964024505
31.257602156783268
31.35246120664356
31.44596516971691
31.538091429874406
31.62881770421693
31.71812204846481
31.805982862265544
31.892378894418375
31.977289248014372
32.06069338549084
32.14257113359884
32.22290268828252
32.30166861946922
32.37884987576908
32.45442778908306
32.528384079118304
32.60070085780958
32.67136063364598
32.74034631590166
32.807641218769604
32.873229065397474
32.93709399182459
32.99922055081897
33.059593715613595
33.11819888354103
33.17502187956537
33.23004895971085
33.2832668143861
33.33466257160345
33.38422380009224
33.43193851230569
33.477795167320316
33.52178267362741
33.563890391815754
33.60410813714502
33.64242618200921
33.678835258289475
33.71332655959584
33.745891743397245
33.77652293303936
33.80521271964976
33.83195416392992
33.85674079783367
33.87956662613162
33.900426127861245
33.91931425766227
33.93622644699703
33.951158605255436
33.9641071207444
33.97506886156144
33.98404117635215
33.99102189495154
33.9960093289089
33.99900227189623
34.0
34.0
33.97505015572754
33.90023724024717
33.77567105182895
33.60153440853185
33.378082879893064
33.10564441184449
32.7846188454068
32.41547732986764
31.998761631305094
31.53508333747122
31.0251229602027
30.46962893667589
29.869416530972043
29.22536663756484
28.5384244884863
27.8095982660684
27.039957623296498
26.23063211394606
25.382809534806732
24.49773418242676
23.576705026936217
22.621073805629223
21.632243039103034
20.611663972865692
19.560834447433102
18.48129670004152
17.37463510120175
16.24247382941694
15.086474487476629
13.90833366382556
12.709780442586139
11.492573865889092
10.258500352236542
9.009371074686497
7.747019302706683
6.473297711598726
5.190075663441732
3.899236463545618
2.6026745964408526
1.3022929454612067
2.0818995585505003e-15
26.166666666666668
26.23761909234503
26.308556227172744
26.379462783594466
26.45032348064476
26.52112304724127
26.591846225475784
26.662477773902417
26.7330024708223
26.80340511756396
26.873670541758777
26.943783600610764
27.01372918415995
27.083492218538723
27.15305766922036
27.22241054425911
27.291535897521076
27.360418831905243
27.429044502553914
27.497398120051923
27.565464953613866
27.633230334258712
27.7006796579711
27.767798388848618
27.83457206223442
27.900986287834492
27.967026752818853
28.03267922490613
28.0979295554307
28.162763682391876
28.227167633484374
28.29112752910946
28.354629585366123
28.41766011702164
28.480205540460837
28.542252376613483
28.603787253859146
28.66479691090889
28.725268199663187
28.785188088045462
28.8445436628106
28.903322132327865
28.96151082933761
29.019097213681167
29.076068875003376
29.132413535427105
29.18811905219924
29.24317342030757
29.297564775067936
29.3512813946812
29.404311702759387
29.45664427082047
29.508267820751342
29.559171227238327
29.60934352016477
29.65877388697521
29.70745167500557
29.755366393778882
29.802507717266103
29.848865486111436
29.89442970982177
29.93919056891972
29.98313841705979
30.026263783107268
30.068557373179303
30.11001007264785
30.15061294810393
30.19035724928286
30.229234410950014
30.26723605474669
30.30435399099573
30.340580220466467
30.375906936098623
30.41032652468478
30.443831568511126
30.476414846956004
30.508069338046038
30.538788219969412
30.568564872546037
30.597392878654258
30.625266025613794
30.652178306524622
30.67812392156152
30.703097279223975
30.727092997541202
30.750105905231997
30.772131042819204
30.793163663698515
30.813199235161402
30.83223343937197
30.85026217429746
30.867281554592303
30.88328791243542
30.898277798320684
30.912247981800316
30.925195452181057
30.93711741917302
30.948011313491016
30.957874787408244
30.96670571526226
30.974502193913075
30.98126254315329
30.986985306070192
30.99166924935975
30.995313363592377
30.997916863430493
30.99947918779776
31.0
31.0
30.968785062780757
30.87520311385241
30.719442614805978
30.50181724655752
30.222765277636533
29.88284868157145
29.48275200514976
29.023280989831854
28.50536094909497
27.930034904974992
27.29846148755888
26.61191260165785
25.871770865360382
25.079526825623372
24.236775956508925
23.34521544611194
22.406640778649138
21.422942118592808
20.396100504131095
19.32818385762074
18.221342821066667
17.07780642501518
15.89987759958309
14.68992853666296
13.450395912644304
12.183775981271634
10.892619546521631
9.579526825623372
8.24714221256693
6.898148952645748
5.535263738757738
4.1612312403473215
2.77881857600644
1.3908097408659645
1.8982025386783976e-15
26.583333333333336
26.69867593840927
26.81399064516796
26.929249562040017
27.04442481095015
27.15948853406013
27.274412900506867
27.38917011313394
27.50373241521501
27.61807209716743
27.732161503254463
27.845973038274458
27.959479174235412
28.07265245701325
28.185465512992256
28.297891055686026
28.409901892337345
28.521470930495386
28.63257118456866
28.74317578235212
28.853257971526833
28.962791126130647
29.07174875299831
29.180104498169484
29.287832153263025
29.394905661816146
29.501299125586748
29.606986810817528
29.711943154460297
29.816142770359004
29.919560455389966
30.022171195557846
30.12395017204586
30.22487276721881
30.324914570577413
30.424051384662583
30.522259230908123
30.619514355440536
30.71579323482443
30.81107258175222
30.905329350676734
30.998540743385274
31.090684214513942
31.18173747700075
31.271678507476256
31.36048555159045
31.448137129274556
31.534612039936473
31.619889367588655
31.703948485907123
31.786769063220426
31.86833106742734
31.948614770842102
32.027600754965995
32.105269915184195
32.18160346538666
32.25658294251197
32.3301902110131
32.40240746724388
32.473217243765255
32.54260241357018
32.61054619422619
32.67703215193464
32.74204420550558
32.8055666302474
32.86758406177018
32.92808149970197
32.98704431131692
33.044458235074636
33.100309384069575
33.15458424939
33.20726970338537
33.258353002841595
33.30782179206329
33.35566410586226
33.40186837245159
33.44642341624454
33.48931846055764
33.530543130217254
33.57008745406908
33.60794186738992
33.64409721420108
33.67854474948303
33.71127614129054
33.74228347276798
33.77155924406419
33.799096374146494
33.82488820251342
33.84892849080569
33.87121142431512
33.89173161339105
33.91048409474394
33.92746433264588
33.942668220027635
33.95609207947206
33.96773266410356
33.97758715837342
33.985653178740826
33.99192877424937
33.99641242699891
33.99910305251277
34.0
34.0
33.97505015572754
33.90023724024717
33.77567105182895
33.60153440853185
33.378082879893064
33.10564441184449
32.7846188454068
32.41547732986764
31.998761631305094
31.53508333747122
31.0251229602027
30.46962893667589
29.869416530972043
29.22536663756484
28.5384244884863
27.8095982660684
27.039957623296498
26.23063211394606
25.382809534806732
24.49773418242676
23.576705026936217
22.621073805629223
21.632243039103034
20.611663972865692
19.560834447433102
18.48129670004152
17.37463510120175
16.24247382941694
15.086474487476629
13.90833366382556
12.709780442586139
11.492573865889092
10.258500352236542
9.009371074686497
7.747019302706683
6.473297711598726
5.190075663441732
3.899236463545618
2.6026745964408526
1.3022929454612067
2.0818995585505003e-15
27.0
27.08824240321564
27.176457319529263
27.264617270600816
27.352694795211555
27.440662457818007
27.528492857097966
27.616158634485792
27.703632482694452
27.79088715422152
27.877895469836602
27.964630327047484
28.051064708542356
28.13717169060553
28.222924451504
28.308296279842203
28.393260582882462
28.47779089482842
28.56186088506897
28.64544436638005
28.72851530308178
28.811047819148413
28.893016206268516
28.974394931852956
29.055158646988108
29.13528219433188
29.21474061595004
29.29350916109045
29.371563293892763
29.44887870103114
29.525431299287735
29.60119724305441
29.676152931760498
29.750275017224205
29.823540410925432
29.895926291197668
29.967410110336782
30.037969601624496
30.107582786264295
30.176227980227694
30.24388380100863
30.310529174284003
30.37614334047815
30.440705861229343
30.504196625756165
30.5665958571219
30.627884118394913
30.68804231870311
30.747051719180625
30.804893938804838
30.861550960121946
30.917005134859263
30.971239189422555
31.024236230276628
31.07597974920756
31.126453628464887
31.175642145782177
31.22352997927441
31.27010221221063
31.31534433766042
31.359242263012693
31.401782314365455
31.442951240785135
31.48273621843414
31.521124854565425
31.558105191382708
31.593665709765283
31.627795332856106
31.660483429512198
31.691719817616146
31.72149476724778
31.749799003714955
31.77662371044258
31.801960531718898
31.82580157529825
31.84813941485944
31.868967092319004
31.88827811999857
31.906066482645773
31.92232663930792
31.937053525057976
31.95024255257227
31.961889613559393
31.97199108003991
31.980543805476444
31.98754512575382
31.99299286000889
31.99688531130989
31.999221267184993
32.0
32.0
31.98594676828142
31.943799416458287
31.87359496368694
31.77539507243254
31.64928599430925
31.4953784943231
31.31380775358413
31.104733250573144
30.86833862106748
30.604831496848718
30.314443323334125
29.99742915629187
29.65406743781867
29.28465975177659
28.889530558903793
28.469026911831914
28.02351815026038
27.553395576555378
27.059072112058434
26.540981934406457
25.999580096181802
25.435342125227304
24.84876360697736
24.240359749171844
23.610664929335275
22.960232225418597
22.289632930015905
21.599456048582738
20.89030778209669
20.162810994614755
19.41760466619499
18.655343331663108
17.876696505716883
17.082348094873307
16.272995796775056
15.449350487383843
14.612135596598822
13.762086472848656
