13.0
13.154854610072308
13.309633427077651
13.464260695045727
13.618660732181397
13.772757967906887
13.926476979849557
14.079742530757116
14.232479605322254
14.384613446898621
14.536069594090224
14.686773917196302
14.836652654493854
14.985632448340077
15.133640381077006
15.280604010720822
15.426451406418336
15.571111183653297
15.714512539185314
15.856585285704254
15.997259886183187
16.13646748791305
16.274139956202372
16.410209907725577
16.544610743503508
16.677276681500093
16.808142788819126
16.937145013485463
17.064220215795046
17.1893061992184
17.312341740842548
17.43326662133633
17.552021654424557
17.668548715856556
17.782790771854856
17.8946919070302
18.004197351749138
18.11125350894084
18.21580798033
18.317809592082995
18.417208419854745
18.51395581322403
18.608004419505235
18.699308206925018
18.78782248715236
18.87350393717114
18.956310620484434
19.036202007640195
19.113138996068248
19.18708392921893
19.258000614993932
19.325854343460428
19.39061190383972
19.45224160076215
19.510713269780272
19.56599829213277
19.618069608751792
19.66690173350692
19.71247076567928
19.75475440165967
19.79373194586497
19.829384320867547
19.86169407673262
19.89064539955908
19.91622411921955
19.938417716295902
19.957215328206857
19.972607754524613
19.984587461477997
19.993148585639815
19.998286936796703
20.0
20.0
19.998286936796703
19.993148585639815
19.984587461477997
19.972607754524613
19.957215328206857
19.938417716295902
19.91622411921955
19.89064539955908
19.86169407673262
19.829384320867547
19.79373194586497
19.75475440165967
19.71247076567928
19.66690173350692
19.618069608751792
19.56599829213277
19.510713269780272
19.45224160076215
19.39061190383972
19.325854343460428
19.258000614993932
19.18708392921893
19.113138996068248
19.036202007640195
18.956310620484434
18.87350393717114
18.78782248715236
18.699308206925018
18.608004419505235
18.51395581322403
18.417208419854745
18.317809592082995
18.21580798033
18.11125350894084
18.004197351749138
17.8946919070302
17.782790771854856
17.668548715856556
17.552021654424557
17.43326662133633
17.312341740842548
17.1893061992184
17.064220215795046
16.937145013485463
16.808142788819126
16.677276681500093
16.544610743503508
16.410209907725577
16.274139956202372
16.13646748791305
15.997259886183187
15.856585285704254
15.714512539185314
15.571111183653297
15.426451406418336
15.280604010720822
15.133640381077006
14.985632448340077
14.836652654493854
14.686773917196302
14.536069594090224
14.384613446898621
14.232479605322254
14.079742530757116
13.926476979849557
13.772757967906887
13.618660732181397
13.464260695045727
13.309633427077651
13.154854610072308
13.0
13.153846153846153
13.313805860953812
13.47368727632197
13.633412146530752
13.792902294780783
13.952079659156565
14.110866330833607
14.269184592210646
14.426956954948261
14.584106197895277
14.740555404884407
14.896228002378596
15.051047796949694
15.204939012571067
15.357826327705919
15.509634912173157
15.660290463772785
15.809719244652857
15.957848117400214
16.10460458083736
16.249916805507908
16.393713668833257
16.535924789923328
16.67648056402422
16.81531219658604
16.952351736934162
17.087532111527448
17.220787156787182
17.352051651480593
17.481261348643184
17.60835300702417
17.733264422039724
17.855934456218773
17.97630306912655
18.09431134675117
18.209901530338886
18.323017044663942
18.433602525719106
18.541603847813406
18.646968150063753
18.74964386226754
18.8495807301435
18.946729839928487
19.04104364231815
19.1324759757398
19.220982088946013
19.306518662917988
19.38904383206789
19.46851720472984
19.544899882929442
19.6181544814223
19.688245145992088
19.75513757099927
19.818799016171887
19.87919832263017
19.93630592813715
19.990093881567784
20.040535856589564
20.087607164547826
20.13128476654955
20.17154728473964
20.20837501276428
20.241749925416112
20.27165568745663
20.2980776616114
20.321002915734226
20.34042022913675
20.356320098080367
20.36869474042782
20.377538099452117
20.382845846800986
20.384615384615383
20.384615384615383
20.382845846800986
20.377538099452117
20.36869474042782
20.356320098080367
20.34042022913675
20.321002915734226
20.2980776616114
20.27165568745663
20.241749925416112
20.20837501276428
20.17154728473964
20.13128476654955
20.087607164547826
20.040535856589564
19.990093881567784
19.93630592813715
19.87919832263017
19.818799016171887
19.75513757099927
19.688245145992088
19.6181544814223
19.544899882929442
19.46851720472984
19.38904383206789
19.306518662917988
19.220982088946013
19.1324759757398
19.04104364231815
18.946729839928487
18.8495807301435
18.74964386226754
18.646968150063753
18.541603847813406
18.433602525719106
18.323017044663942
18.209901530338886
18.09431134675117
17.97630306912655
17.855934456218773
17.733264422039724
17.60835300702417
17.481261348643184
17.352051651480593
17.220787156787182
17.087532111527448
16.952351736934162
16.81531219658604
16.67648056402422
16.535924789923328
16.393713668833257
16.249916805507908
16.10460458083736
15.957848117400214
15.809719244652857
15.660290463772785
15.509634912173157
15.357826327705919
15.204939012571067
15.051047796949694
14.896228002378596
14.740555404884407
14.584106197895277
14.426956954948261
14.269184592210646
14.110866330833607
13.952079659156565
13.792902294780783
13.633412146530752
13.47368727632197
13.313805860953812
13.153846153846153
13.307692307692308
13.472757111835318
13.63774112556629
13.802563598015777
13.967143857380172
14.131401350406245
14.295255681817661
14.45862665366418
14.62143430457427
14.783598948891937
14.945041215678591
15.105682087560893
15.265442939405537
15.424245576802061
15.582012274334831
15.738665813625493
15.894129521127237
16.048327305652418
16.201183695615118
16.35262387597047
16.50257372483263
16.65095984975347
16.797709623644288
16.94275122032287
17.086013649668573
17.22742679236823
17.36692143423577
17.5044293000889
17.639883087166147
17.773216498067967
17.904364273205793
18.03326222274312
18.15984725801299
18.28405742239655
18.405831921647483
18.525111153647575
18.64183673757875
18.755951542497378
18.867399715296813
18.97612670804451
19.082079304680335
19.185205647062975
19.285455260351736
19.382779077711284
19.47712946432724
19.56846024072089
19.65672670535154
19.74188565649559
19.82389541339143
19.902715836639956
19.978308347850675
20.05063594852375
20.119663238158825
20.18535643158163
20.247683375480072
20.30661356414153
20.36211815438378
20.41416997967221
20.462743563416378
20.50781513143943
20.54936262361431
20.587365704661014
20.621805774099606
20.652665975354182
20.679931204003253
20.703588115172558
20.723625130066647
20.740032441636128
20.752802019377647
20.76192761326442
20.767404756805277
20.76923076923077
20.76923076923077
20.767404756805277
20.76192761326442
20.752802019377647
20.740032441636128
20.723625130066647
20.703588115172558
20.679931204003253
20.652665975354182
20.621805774099606
20.587365704661014
20.54936262361431
20.50781513143943
20.462743563416378
20.41416997967221
20.36211815438378
20.30661356414153
20.247683375480072
20.18535643158163
20.119663238158825
20.05063594852375
19.978308347850675
19.902715836639956
19.82389541339143
19.74188565649559
19.65672670535154
19.56846024072089
19.47712946432724
19.382779077711284
19.285455260351736
19.185205647062975
19.082079304680335
18.97612670804451
18.867399715296813
18.755951542497378
18.64183673757875
18.525111153647575
18.405831921647483
18.28405742239655
18.15984725801299
18.03326222274312
17.904364273205793
17.773216498067967
17.639883087166147
17.5044293000889
17.36692143423577
17.22742679236823
17.086013649668573
16.94275122032287
16.797709623644288
16.65095984975347
16.50257372483263
16.35262387597047
16.201183695615118
16.048327305652418
15.894129521127237
15.738665813625493
15.582012274334831
15.424245576802061
15.265442939405537
15.105682087560893
14.945041215678591
14.783598948891937
14.62143430457427
14.45862665366418
14.295255681817661
14.131401350406245
13.967143857380172
13.802563598015777
13.63774112556629
13.472757111835318
13.307692307692308
13.461538461538462
13.631708362716822
13.801794974810607
13.9717150495008
14.141385419979558
14.31072304165592
14.479645032801711
14.64806871511771
14.815911654200278
14.983091699888593
15.149527026472773
15.315136172743188
15.479838081861377
15.643552141033052
15.806198220963743
15.967696715077826
16.12796857848169
16.286935366651974
16.444519273830018
16.600643171103577
16.755230644157347
16.908206030673682
17.059494457365243
17.209021876621513
17.356715102751107
17.5025018478023
17.646310756944096
17.78807144339062
17.927714522851698
18.065171647492747
18.200375539387416
18.333260023446513
18.463760059807207
18.591811775666542
18.717352496543796
18.84032077695626
18.960656430493557
19.078300559275647
19.19319558278022
19.30528526602527
19.41451474709313
19.520830563982447
19.624180680774984
19.724514513104417
19.82178295291468
19.915938392495757
20.006934747785092
20.09472748092329
20.17927362205302
20.26053179035047
20.338462214279044
20.413026751055412
20.484188905318376
20.551913846991372
20.61616842832997
20.6769212001459
20.73414242719977
20.787804102754855
20.837879962284923
20.884345496329306
20.92717796248898
20.966356396557742
21.0018616227831
21.033676263251735
21.061784746395105
21.086173314610882
21.106830030996544
21.12374478519188
21.13690929832747
21.14631712707672
21.15196366680956
21.153846153846153
21.153846153846153
21.15196366680956
21.14631712707672
21.13690929832747
21.12374478519188
21.106830030996544
21.086173314610882
21.061784746395105
21.033676263251735
21.0018616227831
20.966356396557742
20.92717796248898
20.884345496329306
20.837879962284923
20.787804102754855
20.73414242719977
20.6769212001459
20.61616842832997
20.551913846991372
20.484188905318376
20.413026751055412
20.338462214279044
20.26053179035047
20.17927362205302
20.09472748092329
20.006934747785092
19.915938392495757
19.82178295291468
19.724514513104417
19.624180680774984
19.520830563982447
19.41451474709313
19.30528526602527
19.19319558278022
19.078300559275647
18.960656430493557
18.84032077695626
18.717352496543796
18.591811775666542
18.463760059807207
18.333260023446513
18.200375539387416
18.065171647492747
17.927714522851698
17.78807144339062
17.646310756944096
17.5025018478023
17.356715102751107
17.209021876621513
17.059494457365243
16.908206030673682
16.755230644157347
16.600643171103577
16.444519273830018
16.286935366651974
16.12796857848169
15.967696715077826
15.806198220963743
15.643552141033052
15.479838081861377
15.315136172743188
15.149527026472773
14.983091699888593
14.815911654200278
14.64806871511771
14.479645032801711
14.31072304165592
14.141385419979558
13.9717150495008
13.801794974810607
13.631708362716822
13.461538461538462
13.615384615384615
13.790659613598326
13.965848824054925
14.140866500985823
14.315626982578944
14.490044732905599
14.664034383785761
14.837510776571241
15.010389003826287
15.182584450885251
15.354012837266957
15.524590257925484
15.69423322431722
15.862858705264044
16.030384167592654
16.19672761653016
16.361807635836136
16.525543427651535
16.687854852044918
16.848662466236682
17.00788756348207
17.16545221159389
17.321279291086203
17.475292532920157
17.62741655583364
17.77757690323637
17.92570007965242
18.07171358669234
18.21554595853725
18.357126796917534
18.49638680556904
18.63325782414991
18.767672861601426
18.89956612893654
19.02887307144011
19.15553040026495
19.279476123408365
19.40064957605392
19.518991450263627
19.634443824006027
19.746950189505924
19.85645548090192
19.962906101198236
20.06624994849755
20.166436441502125
20.263416544270633
20.357142790218646
20.44756930535099
20.534651830714612
20.618347744060983
20.698616080707417
20.77541755358708
20.848714572477927
20.918471262401113
20.98465348117987
21.047228836150282
21.106166700015766
21.161438225837504
21.21301636115347
21.260875861219187
21.304993301363652
21.345347088454478
21.381917471466593
21.414686551149288
21.443638288786964
21.46875851404921
21.49003493192644
21.507457128747642
21.521016577277294
21.530706640889022
21.53652257681385
21.53846153846154
21.53846153846154
21.53652257681385
21.530706640889022
21.521016577277294
21.507457128747642
21.49003493192644
21.46875851404921
21.443638288786964
21.414686551149288
21.381917471466593
21.345347088454478
21.304993301363652
21.260875861219187
21.21301636115347
21.161438225837504
21.106166700015766
21.047228836150282
20.98465348117987
20.918471262401113
20.848714572477927
20.77541755358708
20.698616080707417
20.618347744060983
20.534651830714612
20.44756930535099
20.357142790218646
20.263416544270633
20.166436441502125
20.06624994849755
19.962906101198236
19.85645548090192
19.746950189505924
19.634443824006027
19.518991450263627
19.40064957605392
19.279476123408365
19.15553040026495
19.02887307144011
18.89956612893654
18.767672861601426
18.63325782414991
18.49638680556904
18.357126796917534
18.21554595853725
18.07171358669234
17.92570007965242
17.77757690323637
17.62741655583364
17.475292532920157
17.321279291086203
17.16545221159389
17.00788756348207
16.848662466236682
16.687854852044918
16.525543427651535
16.361807635836136
16.19672761653016
16.030384167592654
15.862858705264044
15.69423322431722
15.524590257925484
15.354012837266957
15.182584450885251
15.010389003826287
14.837510776571241
14.664034383785761
14.490044732905599
14.315626982578944
14.140866500985823
13.965848824054925
13.790659613598326
13.615384615384615
13.76923076923077
13.949610864479832
14.129902673299243
14.310017952470849
14.489868545178332
14.669366424155278
14.848423734769813
15.026952838024773
15.204866353452296
15.382077201881911
15.558498648061141
15.73404434310778
15.908628366773062
16.082165269495036
16.25457011422157
16.425758517982498
16.595646693190588
16.764151488651095
16.931190430259818
17.09668176136979
17.26054448280679
17.422698392514103
17.58306412480716
17.7415631892188
17.89811800891617
18.052651958670438
18.20508940236074
18.35535572999406
18.5033773942228
18.649081946342314
18.79239807175066
18.933255624853306
19.071585663395638
19.207320482206537
19.340393646336423
19.47074002357364
19.598295816323173
19.722998592832187
19.844787317747034
19.963602381986785
20.07938563191872
20.192080397821396
20.301631521621484
20.407985383890683
20.511089930089565
20.610894696045506
20.7073508326522
20.800411129778688
20.890030039376203
20.976163697771497
21.058769947135787
21.13780835611874
21.21324023963748
21.285028677810857
21.353138534029767
21.41753647215466
21.478190972831758
21.53507234892015
21.58815276002202
21.637406226109064
21.682808640238317
21.72433778035121
21.761973320150084
21.79569683904684
21.825491831178816
21.851343713487534
21.873239832856335
21.891169472303396
21.90512385622712
21.915096154701324
21.921081486818135
21.923076923076923
21.923076923076923
21.921081486818135
21.915096154701324
21.90512385622712
21.891169472303396
21.873239832856335
21.851343713487534
21.825491831178816
21.79569683904684
21.761973320150084
21.72433778035121
21.682808640238317
21.637406226109064
21.58815276002202
21.53507234892015
21.478190972831758
21.41753647215466
21.353138534029767
21.285028677810857
21.21324023963748
21.13780835611874
21.058769947135787
20.976163697771497
20.890030039376203
20.800411129778688
20.7073508326522
20.610894696045506
20.511089930089565
20.407985383890683
20.301631521621484
20.192080397821396
20.07938563191872
19.963602381986785
19.844787317747034
19.722998592832187
19.598295816323173
19.47074002357364
19.340393646336423
19.207320482206537
19.071585663395638
18.933255624853306
18.79239807175066
18.649081946342314
18.5033773942228
18.35535572999406
18.20508940236074
18.052651958670438
17.89811800891617
17.7415631892188
17.58306412480716
17.422698392514103
17.26054448280679
17.09668176136979
16.931190430259818
16.764151488651095
16.595646693190588
16.425758517982498
16.25457011422157
16.082165269495036
15.908628366773062
15.73404434310778
15.558498648061141
15.382077201881911
15.204866353452296
15.026952838024773
14.848423734769813
14.669366424155278
14.489868545178332
14.310017952470849
14.129902673299243
13.949610864479832
13.76923076923077
13.923076923076923
14.108562115361337
14.293956522543562
14.479169403955872
14.664110107777718
14.848688115404954
15.032813085753865
15.216394899478304
15.399343703078303
15.581569952878567
15.762984458855323
15.943498428290074
16.1230235092289
16.301471833726026
16.47875606085048
16.65478941943483
16.82948575054504
17.002759549650655
17.174526008474718
17.3447010565029
17.513201402131507
17.679944573434312
17.844848958528118
18.007833845517446
18.168819461998705
18.327727014104507
18.484478725069064
18.638997873295775
18.79120882990835
18.941037095767093
19.088409337932283
19.2332534255567
19.375498465189857
19.515074835476533
19.651914221232737
19.785949646882326
19.917115509237977
20.045347609610456
20.170583185230438
20.292760939967543
20.41182107433151
20.527705314740867
20.640356942044733
20.749720819283812
20.855743418677005
20.958372847820378
21.05755887508575
21.153252954206387
21.24540824803779
21.33397965148201
21.418923813564156
21.5001991586504
21.577765906797026
21.651586093220594
21.721623586879666
21.787844108159035
21.85021524564775
21.90870647200279
21.963289158890568
22.013936590998945
22.060623979112986
22.103328472247938
22.142029168833577
22.17670712694439
22.207345373570668
22.23392891292586
22.256444733786232
22.274881815859153
22.28923113517694
22.299485668513626
22.30564039682242
22.307692307692307
22.307692307692307
22.30564039682242
22.299485668513626
22.28923113517694
22.274881815859153
22.256444733786232
22.23392891292586
22.207345373570668
22.17670712694439
22.142029168833577
22.103328472247938
22.060623979112986
22.013936590998945
21.963289158890568
21.90870647200279
21.85021524564775
21.787844108159035
21.721623586879666
21.651586093220594
21.577765906797026
21.5001991586504
21.418923813564156
21.33397965148201
21.24540824803779
21.153252954206387
21.05755887508575
20.958372847820378
20.855743418677005
20.749720819283812
20.640356942044733
20.527705314740867
20.41182107433151
20.292760939967543
20.170583185230438
20.045347609610456
19.917115509237977
19.785949646882326
19.651914221232737
19.515074835476533
19.375498465189857
19.2332534255567
19.088409337932283
18.941037095767093
18.79120882990835
18.638997873295775
18.484478725069064
18.327727014104507
18.168819461998705
18.007833845517446
17.844848958528118
17.679944573434312
17.513201402131507
17.3447010565029
17.174526008474718
17.002759549650655
16.82948575054504
16.65478941943483
16.47875606085048
16.301471833726026
16.1230235092289
15.943498428290074
15.762984458855323
15.581569952878567
15.399343703078303
15.216394899478304
15.032813085753865
14.848688115404954
14.664110107777718
14.479169403955872
14.293956522543562
14.108562115361337
13.923076923076923
14.076923076923077
14.267513366242841
14.458010371787879
14.648320855440895
14.838351670377104
15.028009806654632
15.217202436737916
15.405836960931836
15.593821052704312
15.781062703875225
15.967470269649507
16.15295251347237
16.337418651684743
16.520778397957017
16.702942007479393
16.883820320887168
17.06332480789949
17.24136761065021
17.417861586689618
17.592720351636004
17.76585832145623
17.93719075435452
18.106633792249074
18.274104501816094
18.43952091508124
18.602802069538576
18.763868047777386
18.922640016597494
19.079040265593903
19.23299224519188
19.384420604113906
19.5332512262601
19.679411266984072
19.82282918874653
19.963434796129054
20.101159270191012
20.235935202152785
20.367696626388724
20.49637905271385
20.6219194979483
20.744256516744304
20.863330231660342
20.979082362467985
21.09145625467695
21.200396907264444
21.30585099959525
21.407766917519304
21.506094778634086
21.60078645669938
21.691795605192528
21.779077679992533
21.862589961182067
21.94229157395658
22.018143508630338
22.090108639729568
22.158151744163412
22.222239518463745
22.28234059508544
22.338425557759116
22.390466955888826
22.43843931798766
22.482319164144677
22.52208501751707
22.557717414841946
22.58919891596252
22.616514112364186
22.63964963471613
22.65859415941491
22.673338414126768
22.683875182325927
22.69019930682671
22.692307692307693
22.692307692307693
22.69019930682671
22.683875182325927
22.673338414126768
22.65859415941491
22.63964963471613
22.616514112364186
22.58919891596252
22.557717414841946
22.52208501751707
22.482319164144677
22.43843931798766
22.390466955888826
22.338425557759116
22.28234059508544
22.222239518463745
22.158151744163412
22.090108639729568
22.018143508630338
21.94229157395658
21.862589961182067
21.779077679992533
21.691795605192528
21.60078645669938
21.506094778634086
21.407766917519304
21.30585099959525
21.200396907264444
21.09145625467695
20.979082362467985
20.863330231660342
20.744256516744304
20.6219194979483
20.49637905271385
20.367696626388724
20.235935202152785
20.101159270191012
19.963434796129054
19.82282918874653
19.679411266984072
19.5332512262601
19.384420604113906
19.23299224519188
19.079040265593903
18.922640016597494
18.763868047777386
18.602802069538576
18.43952091508124
18.274104501816094
18.106633792249074
17.93719075435452
17.76585832145623
17.592720351636004
17.417861586689618
17.24136761065021
17.06332480789949
16.883820320887168
16.702942007479393
16.520778397957017
16.337418651684743
16.15295251347237
15.967470269649507
15.781062703875225
15.593821052704312
15.405836960931836
15.217202436737916
15.028009806654632
14.838351670377104
14.648320855440895
14.458010371787879
14.267513366242841
14.076923076923077
14.23076923076923
14.426464617124346
14.622064221032197
14.817472306925918
15.01259323297649
15.207331497904308
15.401591787721967
15.595279022385366
15.78829840233032
15.980555454871883
16.17195608044369
16.362406598654665
16.551813794140585
16.740084962188007
16.927127954108304
17.1128512223395
17.29716386525394
17.479975671649772
17.661197164904518
17.840739646769112
18.01851524078095
18.194436935274734
18.36841862597003
18.54037515811474
18.71022236816377
18.877877124972642
19.04325737048571
19.206282159899214
19.36687170127945
19.52494739461666
19.68043187029553
19.833249026963493
19.983324068778288
20.130583542016524
20.274955371025364
20.4163688934997
20.55475489506759
20.690045643166993
20.822174920197252
20.95107805592906
21.0766919591571
21.198955148579813
21.317807782891233
21.43319169007008
21.545050395851884
21.653329151370123
21.757974959952858
21.858936603061785
21.956164665360973
22.049611558903038
22.139231546420902
22.224980763713727
22.30681724111613
22.384700924040075
22.458593692579466
22.52845938016779
22.594263791279737
22.655974718168082
22.713561956627665
22.766997320778703
22.816254656862327
22.861309856041405
22.90214086620056
22.938727702739495
22.97105245835437
22.999099311802514
23.022854535646026
23.042306502970668
23.057445693076588
23.06826469613823
23.074758216830993
23.076923076923077
23.076923076923077
23.074758216830993
23.06826469613823
23.057445693076588
23.042306502970668
23.022854535646026
22.999099311802514
22.97105245835437
22.938727702739495
22.90214086620056
22.861309856041405
22.816254656862327
22.766997320778703
22.713561956627665
22.655974718168082
22.594263791279737
22.52845938016779
22.458593692579466
22.384700924040075
22.30681724111613
22.224980763713727
22.139231546420902
22.049611558903038
21.956164665360973
21.858936603061785
21.757974959952858
21.653329151370123
21.545050395851884
21.43319169007008
21.317807782891233
21.198955148579813
21.0766919591571
20.95107805592906
20.822174920197252
20.690045643166993
20.55475489506759
20.4163688934997
20.274955371025364
20.130583542016524
19.983324068778288
19.833249026963493
19.68043187029553
19.52494739461666
19.36687170127945
19.206282159899214
19.04325737048571
18.877877124972642
18.71022236816377
18.54037515811474
18.36841862597003
18.194436935274734
18.01851524078095
17.840739646769112
17.661197164904518
17.479975671649772
17.29716386525394
17.1128512223395
16.927127954108304
16.740084962188007
16.551813794140585
16.362406598654665
16.17195608044369
15.980555454871883
15.78829840233032
15.595279022385366
15.401591787721967
15.207331497904308
15.01259323297649
14.817472306925918
14.622064221032197
14.426464617124346
14.23076923076923
14.384615384615385
14.585415868005851
14.786118070276515
14.986623758410945
15.186834795575878
15.386653189153987
15.58598113870602
15.784721083838898
15.982775751956328
16.18004820586854
16.376441891237874
16.571860683836963
16.766208936596424
16.959391526419
17.151313900737215
17.341882123791834
17.53100292260839
17.718583732649332
17.904532743119418
18.08875894190222
18.27117216010567
18.451683116194943
18.63020345969099
18.806645814413383
18.980923821246304
19.152952180406714
19.32264669319403
19.48992430320093
19.654703136965004
19.816902544041444
19.97644313647715
20.133246827666888
20.287236870572503
20.438337895286523
20.586475945921677
20.731578516808387
20.873574587982397
21.01239465994526
21.147970787680656
21.280236613909818
21.40912740156989
21.534580065499288
21.65653320331448
21.77492712546321
21.889703884439324
22.000807303144995
22.108183002386408
22.21177842748948
22.311542874022564
22.407427512613552
22.49938541284927
22.587371566245388
22.671342908275683
22.75125833944982
22.82707874542936
22.898767016172165
22.96628806409573
23.029608841250727
23.08869835549621
23.14352768566858
23.194069995736996
23.240300547938137
23.282196714884055
23.319737990637044
23.352906000746223
23.381684511240838
23.406059436575923
23.426018846526418
23.441552972026415
23.45265420995053
23.45931712683528
23.46153846153846
23.46153846153846
23.45931712683528
23.45265420995053
23.441552972026415
23.426018846526418
23.406059436575923
23.381684511240838
23.352906000746223
23.319737990637044
23.282196714884055
23.240300547938137
23.194069995736996
23.14352768566858
23.08869835549621
23.029608841250727
22.96628806409573
22.898767016172165
22.82707874542936
22.75125833944982
22.671342908275683
22.587371566245388
22.49938541284927
22.407427512613552
22.311542874022564
22.21177842748948
22.108183002386408
22.000807303144995
21.889703884439324
21.77492712546321
21.65653320331448
21.534580065499288
21.40912740156989
21.280236613909818
21.147970787680656
21.01239465994526
20.873574587982397
20.731578516808387
20.586475945921677
20.438337895286523
20.287236870572503
20.133246827666888
19.97644313647715
19.816902544041444
19.654703136965004
19.48992430320093
19.32264669319403
19.152952180406714
18.980923821246304
18.806645814413383
18.63020345969099
18.451683116194943
18.27117216010567
18.08875894190222
17.904532743119418
17.718583732649332
17.53100292260839
17.341882123791834
17.151313900737215
16.959391526419
16.766208936596424
16.571860683836963
16.376441891237874
16.18004820586854
15.982775751956328
15.784721083838898
15.58598113870602
15.386653189153987
15.186834795575878
14.986623758410945
14.786118070276515
14.585415868005851
14.384615384615385
14.538461538461538
14.744367118887356
14.950171919520834
15.155775209895967
15.361076358175264
15.565974880403665
15.77037048969007
15.97416314529243
16.177253101582338
16.3795409568652
16.580927702032056
16.781314769019257
16.980604079052267
17.17869809064999
17.37549984736613
17.57091302524417
17.764841979962842
17.95719179364889
18.147868321334318
18.336778237035325
18.523829079430392
18.708929297115155
18.89198829341195
19.07291647071203
19.251625274328838
19.428027235840784
19.602036015902357
19.77356644650265
19.942534572650555
20.108857693466227
20.272454402658774
20.433244628370282
20.591149672366722
20.74609224855652
20.897996520817994
21.046788140117076
21.192394280897204
21.334743676723534
21.473766655164066
21.609395171890576
21.741562843982685
21.870204982418763
21.995258623737733
22.116662560856344
22.234357373026768
22.348285454919868
22.45839104481996
22.564620251917184
22.666921082684155
22.76524346632407
22.859539279277644
22.94976236877705
23.035868575435234
23.11781575485956
23.195563798279267
23.269074652176542
23.338312336911724
23.403242964333376
23.463834754364758
23.52005805055846
23.571885334611665
23.619291239834872
23.66225256356755
23.7007482785346
23.734759543138082
23.764269710679166
23.78926433750582
23.80973119008218
23.82566025097624
23.837043723762832
23.843876036839568
23.846153846153847
23.846153846153847
23.843876036839568
23.837043723762832
23.82566025097624
23.80973119008218
23.78926433750582
23.764269710679166
23.734759543138082
23.7007482785346
23.66225256356755
23.619291239834872
23.571885334611665
23.52005805055846
23.463834754364758
23.403242964333376
23.338312336911724
23.269074652176542
23.195563798279267
23.11781575485956
23.035868575435234
22.94976236877705
22.859539279277644
22.76524346632407
22.666921082684155
22.564620251917184
22.45839104481996
22.348285454919868
22.234357373026768
22.116662560856344
21.995258623737733
21.870204982418763
21.741562843982685
21.609395171890576
21.473766655164066
21.334743676723534
21.192394280897204
21.046788140117076
20.897996520817994
20.74609224855652
20.591149672366722
20.433244628370282
20.272454402658774
20.108857693466227
19.942534572650555
19.77356644650265
19.602036015902357
19.428027235840784
19.251625274328838
19.07291647071203
18.89198829341195
18.708929297115155
18.523829079430392
18.336778237035325
18.147868321334318
17.95719179364889
17.764841979962842
17.57091302524417
17.37549984736613
17.17869809064999
16.980604079052267
16.781314769019257
16.580927702032056
16.3795409568652
16.177253101582338
15.97416314529243
15.77037048969007
15.565974880403665
15.361076358175264
15.155775209895967
14.950171919520834
14.744367118887356
14.538461538461538
14.692307692307693
14.903318369768861
15.114225768765154
15.324926661380992
15.535317920774652
15.745296571653343
15.954759840674122
16.163605206745963
16.371730451208347
16.579033707861857
16.78541351282624
16.990768854201555
17.19499922150811
17.398004654880985
17.599685793995043
17.799943926696507
17.998681037317294
18.19579985464845
18.39120389954922
18.584797532168434
18.776485998755113
18.966175478035364
19.153773127132904
19.339187127010675
19.52232672741137
19.703102291274853
19.881425338610676
20.057208589804368
20.230366008336105
20.400812842891007
20.568465668840396
20.73324242907368
20.895062474160937
21.053846601826514
21.209517095714308
21.361997763425762
21.511213973812012
21.657092693501802
21.79956252264747
21.938553729871334
22.07399828639548
22.205829899338234
22.33398404416098
22.458397996249477
22.579010861614208
22.69576360669474
22.808599087253516
22.91746207634488
23.022299291345746
23.123059420034583
23.219693145706017
23.312153171308715
23.400394242594786
23.4843731702693
23.564048851129165
23.63938228818092
23.710336609727715
23.776877087416022
23.838971153233302
23.896588415448342
23.949700673486333
23.998281931731604
24.042308412251042
24.08175856643215
24.116613085529934
24.14685491011749
24.172469238435713
24.193443533637932
24.20976752992606
24.221433237575134
24.228434946843855
24.23076923076923
24.23076923076923
24.228434946843855
24.221433237575134
24.20976752992606
24.193443533637932
24.172469238435713
24.14685491011749
24.116613085529934
24.08175856643215
24.042308412251042
23.998281931731604
23.949700673486333
23.896588415448342
23.838971153233302
23.776877087416022
23.710336609727715
23.63938228818092
23.564048851129165
23.4843731702693
23.400394242594786
23.312153171308715
23.219693145706017
23.123059420034583
23.022299291345746
22.91746207634488
22.808599087253516
22.69576360669474
22.579010861614208
22.458397996249477
22.33398404416098
22.205829899338234
22.07399828639548
21.938553729871334
21.79956252264747
21.657092693501802
21.511213973812012
21.361997763425762
21.209517095714308
21.053846601826514
20.895062474160937
20.73324242907368
20.568465668840396
20.400812842891007
20.230366008336105
20.057208589804368
19.881425338610676
19.703102291274853
19.52232672741137
19.339187127010675
19.153773127132904
18.966175478035364
18.776485998755113
18.584797532168434
18.39120389954922
18.19579985464845
17.998681037317294
17.799943926696507
17.599685793995043
17.398004654880985
17.19499922150811
16.990768854201555
16.78541351282624
16.579033707861857
16.371730451208347
16.163605206745963
15.954759840674122
15.745296571653343
15.535317920774652
15.324926661380992
15.114225768765154
14.903318369768861
14.692307692307693
14.846153846153847
15.062269620650365
15.27827961800947
15.494078112866015
15.709559483374038
15.92461826290302
16.139149191658174
16.353047268199493
16.566207800834356
16.778526458858515
16.989899323620424
17.20022293938385
17.40939436396395
17.617311219111976
17.823871740623954
18.02897482814884
18.23252009467174
18.43440791564801
18.634539477764122
18.832816827301542
19.029142918079835
19.223421658955576
19.41555796085386
19.60545778330932
19.793028180493906
19.97817734670892
20.160814661319
20.340850733106087
20.518197444021656
20.692767992315794
20.86447693502202
21.033240229777075
21.198975275955153
21.361600955096513
21.521037670610625
21.67720738673445
21.83003366672682
21.979441710280074
22.12535839013088
22.267712287852092
22.406433728808274
22.541454816257712
22.672709464584234
22.80013343164261
22.923664350201648
23.043241758469613
23.15880712968707
23.270303900772582
23.377677500007337
23.4808753737451
23.579847012134387
23.67454397384038
23.764919909754337
23.850930585679045
23.932533903979063
24.0096899241853
24.08236088254371
24.15051121049867
24.214107552101854
24.273118780338223
24.327516012361006
24.377272623628336
24.422364260934536
24.462768854329703
24.498466627921786
24.52944010955582
24.555674139365614
24.577155877193693
24.59387480887589
24.605822751387436
24.612993856848142
24.615384615384617
24.615384615384617
24.612993856848142
24.605822751387436
24.59387480887589
24.577155877193693
24.555674139365614
24.52944010955582
24.498466627921786
24.462768854329703
24.422364260934536
24.377272623628336
24.327516012361006
24.273118780338223
24.214107552101854
24.15051121049867
24.08236088254371
24.0096899241853
23.932533903979063
23.850930585679045
23.764919909754337
23.67454397384038
23.579847012134387
23.4808753737451
23.377677500007337
23.270303900772582
23.15880712968707
23.043241758469613
22.923664350201648
22.80013343164261
22.672709464584234
22.541454816257712
22.406433728808274
22.267712287852092
22.12535839013088
21.979441710280074
21.83003366672682
21.67720738673445
21.521037670610625
21.361600955096513
21.198975275955153
21.033240229777075
20.86447693502202
20.692767992315794
20.518197444021656
20.340850733106087
20.160814661319
19.97817734670892
19.793028180493906
19.60545778330932
19.41555796085386
19.223421658955576
19.029142918079835
18.832816827301542
18.634539477764122
18.43440791564801
18.23252009467174
18.02897482814884
17.823871740623954
17.617311219111976
17.40939436396395
17.20022293938385
16.989899323620424
16.778526458858515
16.566207800834356
16.353047268199493
16.139149191658174
15.92461826290302
15.709559483374038
15.494078112866015
15.27827961800947
15.062269620650365
14.846153846153847
15.0
15.22122087153187
15.442333467253789
15.66322956435104
15.883801045973424
16.103939954152697
16.323538542642225
16.542489329653023
16.76068515046036
16.978019209855173
17.194385134414606
17.409677024566143
17.62378950641979
17.836617783342966
18.048057687252864
18.258005729601173
18.466359152026193
18.67301597664757
18.877875055979022
19.080836122434647
19.281799837404552
19.480667839875785
19.67734279457482
19.871728439607963
20.063729633576436
20.25325240214299
20.440203984027324
20.624492876407807
20.806028879707206
20.984723141740574
21.16048820120364
21.33323803048047
21.50288807774937
21.669355308366505
21.832558245506934
21.99241701004314
22.148853359641624
22.30179072705834
22.451154257614284
22.59687084583285
22.73886917122107
22.877079733177183
23.011434885007482
23.14186886703574
23.268317838789088
23.390719910244485
23.50901517212062
23.623145725200278
23.733055708668928
23.838691327455614
23.940000878562756
24.03693477637204
24.129445576913888
24.217488001088782
24.301018956828962
24.379997560189675
24.454385155359702
24.524145333581313
24.5892439509704
24.6496491452281
24.70533135123567
24.756263315525068
24.802420109618026
24.843779142227255
24.880320170313638
24.912025308994146
24.938879040295507
24.960868220749447
24.97798208782571
24.990212265199737
24.99755276685243
25.0
25.0
24.99755276685243
24.990212265199737
24.97798208782571
24.960868220749447
24.938879040295507
24.912025308994146
24.880320170313638
24.843779142227255
24.802420109618026
24.756263315525068
24.70533135123567
24.6496491452281
24.5892439509704
24.524145333581313
24.454385155359702
24.379997560189675
24.301018956828962
24.217488001088782
24.129445576913888
24.03693477637204
23.940000878562756
23.838691327455614
23.733055708668928
23.623145725200278
23.50901517212062
23.390719910244485
23.268317838789088
23.14186886703574
23.011434885007482
22.877079733177183
22.73886917122107
22.59687084583285
22.451154257614284
22.30179072705834
22.148853359641624
21.99241701004314
21.832558245506934
21.669355308366505
21.50288807774937
21.33323803048047
21.16048820120364
20.984723141740574
20.806028879707206
20.624492876407807
20.440203984027324
20.25325240214299
20.063729633576436
19.871728439607963
19.67734279457482
19.480667839875785
19.281799837404552
19.080836122434647
18.877875055979022
18.67301597664757
18.466359152026193
18.258005729601173
18.048057687252864
17.836617783342966
17.62378950641979
17.409677024566143
17.194385134414606
16.978019209855173
16.76068515046036
16.542489329653023
16.323538542642225
16.103939954152697
15.883801045973424
15.66322956435104
15.442333467253789
15.22122087153187
