13.0
13.199098784378682
13.39810012052841
13.596906607915935
13.795420941376083
13.993545958737428
14.191184688378002
14.38824039668772
14.584616635414326
14.780217288869656
14.974946620973146
15.16870932210953
15.361410555777812
15.55295600500867
15.74325191852758
15.932205156641057
16.119723236823575
16.305714378982813
16.49008755038112
16.672752510191184
16.853619853664096
17.032601055888207
17.20960851511734
17.384555595647168
17.557356670218795
17.72792716192869
17.89618358562459
18.062043588767025
18.225425991736486
18.386250827566517
18.544439381083276
18.699914227432423
18.852599269974434
19.002419777529855
19.149302420956243
19.293175309038826
19.433968023677462
19.57161165435251
19.706038831852858
19.837183761249566
19.964982254098963
20.089371759859464
20.210291396506733
20.327681980332166
20.44148605491018
20.551647919220038
20.658113654908558
20.76083115268025
20.859750137802035
20.95482219471005
21.046000790706483
21.133241298734834
21.2165010192225
21.295739200979906
21.370917061146066
21.441997804170708
21.508946639823733
21.571730800223182
21.63031955587336
21.68468423070529
21.734798216112104
21.780636983972563
21.822178098656224
21.85940122800453
21.892288153282276
21.92082277809473
21.944991136265955
21.964781398674504
21.98018387904314
21.991191038679762
21.997797490167187
22.0
22.0
21.997797490167187
21.991191038679762
21.98018387904314
21.964781398674504
21.944991136265955
21.92082277809473
21.892288153282276
21.85940122800453
21.822178098656224
21.780636983972563
21.734798216112104
21.68468423070529
21.63031955587336
21.571730800223182
21.508946639823733
21.441997804170708
21.370917061146066
21.295739200979906
21.2165010192225
21.133241298734834
21.046000790706483
20.95482219471005
20.859750137802035
20.76083115268025
20.658113654908558
20.551647919220038
20.44148605491018
20.327681980332166
20.210291396506733
20.089371759859464
19.964982254098963
19.837183761249566
19.706038831852858
19.57161165435251
19.433968023677462
19.293175309038826
19.149302420956243
19.002419777529855
18.852599269974434
18.699914227432423
18.544439381083276
18.386250827566517
18.225425991736486
18.062043588767025
17.89618358562459
17.72792716192869
17.557356670218795
17.384555595647168
17.20960851511734
17.032601055888207
16.853619853664096
16.672752510191184
16.49008755038112
16.305714378982813
16.119723236823575
15.932205156641057
15.74325191852758
15.55295600500867
15.361410555777812
15.16870932210953
14.974946620973146
14.780217288869656
14.584616635414326
14.38824039668772
14.191184688378002
13.993545958737428
13.795420941376083
13.596906607915935
13.39810012052841
13.199098784378682
13.0
12.5
12.699098784378682
12.89810012052841
13.096906607915935
13.295420941376083
13.493545958737428
13.691184688378002
13.88824039668772
14.084616635414326
14.280217288869656
14.474946620973146
14.66870932210953
14.861410555777812
15.05295600500867
15.24325191852758
15.432205156641057
15.619723236823575
15.805714378982811
15.99008755038112
16.172752510191184
16.353619853664096
16.532601055888207
16.70960851511734
16.884555595647168
17.057356670218795
17.22792716192869
17.39618358562459
17.562043588767025
17.725425991736486
17.886250827566517
18.044439381083276
18.199914227432423
18.352599269974434
18.502419777529855
18.649302420956243
18.793175309038826
18.933968023677462
19.07161165435251
19.206038831852858
19.337183761249566
19.464982254098963
19.589371759859464
19.710291396506733
19.827681980332166
19.94148605491018
20.051647919220038
20.158113654908558
20.26083115268025
20.359750137802035
20.45482219471005
20.546000790706483
20.633241298734834
20.7165010192225
20.795739200979906
20.870917061146066
20.941997804170708
21.008946639823733
21.071730800223182
21.13031955587336
21.18468423070529
21.234798216112104
21.280636983972563
21.322178098656224
21.35940122800453
21.392288153282276
21.42082277809473
21.444991136265955
21.464781398674504
21.48018387904314
21.491191038679762
21.497797490167187
21.5
21.5
21.497797490167187
21.491191038679762
21.48018387904314
21.464781398674504
21.444991136265955
21.42082277809473
21.392288153282276
21.35940122800453
21.322178098656224
21.280636983972563
21.234798216112104
21.18468423070529
21.13031955587336
21.071730800223182
21.008946639823733
20.941997804170708
20.870917061146066
20.795739200979906
20.7165010192225
20.633241298734834
20.546000790706483
20.45482219471005
20.359750137802035
20.26083115268025
20.158113654908558
20.051647919220038
19.94148605491018
19.827681980332166
19.710291396506733
19.589371759859464
19.464982254098963
19.337183761249566
19.206038831852858
19.07161165435251
18.933968023677462
18.793175309038826
18.649302420956243
18.502419777529855
18.352599269974434
18.199914227432423
18.044439381083276
17.886250827566517
17.725425991736486
17.562043588767025
17.39618358562459
17.22792716192869
17.057356670218795
16.884555595647168
16.70960851511734
16.532601055888207
16.353619853664096
16.172752510191184
15.99008755038112
15.805714378982811
15.619723236823575
15.432205156641057
15.24325191852758
15.05295600500867
14.861410555777812
14.66870932210953
14.474946620973146
14.280217288869656
14.084616635414326
13.88824039668772
13.691184688378002
13.493545958737428
13.295420941376083
13.096906607915935
12.89810012052841
12.699098784378682
12.5
12.0
12.199098784378682
12.39810012052841
12.596906607915935
12.795420941376083
12.993545958737428
13.191184688378002
13.38824039668772
13.584616635414326
13.780217288869656
13.974946620973146
14.16870932210953
14.361410555777812
14.55295600500867
14.74325191852758
14.932205156641057
15.119723236823575
15.305714378982811
15.49008755038112
15.672752510191184
15.853619853664098
16.032601055888207
16.20960851511734
16.384555595647168
16.557356670218795
16.72792716192869
16.89618358562459
17.062043588767025
17.225425991736486
17.386250827566517
17.544439381083276
17.699914227432423
17.852599269974434
18.002419777529855
18.149302420956243
18.293175309038826
18.433968023677462
18.57161165435251
18.706038831852858
18.837183761249566
18.964982254098963
19.089371759859464
19.210291396506733
19.327681980332166
19.44148605491018
19.551647919220038
19.658113654908558
19.76083115268025
19.859750137802035
19.95482219471005
20.046000790706483
20.133241298734834
20.2165010192225
20.295739200979906
20.370917061146066
20.441997804170708
20.508946639823733
20.571730800223182
20.63031955587336
20.68468423070529
20.734798216112104
20.780636983972563
20.822178098656224
20.85940122800453
20.892288153282276
20.92082277809473
20.944991136265955
20.964781398674504
20.98018387904314
20.991191038679762
20.997797490167187
21.0
21.0
20.997797490167187
20.991191038679762
20.98018387904314
20.964781398674504
20.944991136265955
20.92082277809473
20.892288153282276
20.85940122800453
20.822178098656224
20.780636983972563
20.734798216112104
20.68468423070529
20.63031955587336
20.571730800223182
20.508946639823733
20.441997804170708
20.370917061146066
20.295739200979906
20.2165010192225
20.133241298734834
20.046000790706483
19.95482219471005
19.859750137802035
19.76083115268025
19.658113654908558
19.551647919220038
19.44148605491018
19.327681980332166
19.210291396506733
19.089371759859464
18.964982254098963
18.837183761249566
18.706038831852858
18.57161165435251
18.433968023677462
18.293175309038826
18.149302420956243
18.002419777529855
17.852599269974434
17.699914227432423
17.544439381083276
17.386250827566517
17.225425991736486
17.062043588767025
16.89618358562459
16.72792716192869
16.557356670218795
16.384555595647168
16.20960851511734
16.032601055888207
15.853619853664098
15.672752510191184
15.49008755038112
15.305714378982811
15.119723236823575
14.932205156641057
14.74325191852758
14.55295600500867
14.361410555777812
14.16870932210953
13.974946620973146
13.780217288869656
13.584616635414326
13.38824039668772
13.191184688378002
12.993545958737428
12.795420941376083
12.596906607915935
12.39810012052841
12.199098784378682
12.0
11.5
11.699098784378682
11.89810012052841
12.096906607915935
12.295420941376083
12.493545958737428
12.691184688378002
12.88824039668772
13.084616635414326
13.280217288869656
13.474946620973146
13.66870932210953
13.861410555777812
14.05295600500867
14.24325191852758
14.432205156641057
14.619723236823575
14.805714378982811
14.99008755038112
15.172752510191184
15.353619853664098
15.532601055888207
15.709608515117337
15.884555595647168
16.057356670218795
16.22792716192869
16.39618358562459
16.562043588767025
16.725425991736486
16.886250827566517
17.044439381083276
17.199914227432423
17.352599269974434
17.502419777529855
17.649302420956243
17.793175309038826
17.933968023677462
18.07161165435251
18.206038831852858
18.337183761249566
18.464982254098963
18.589371759859464
18.710291396506733
18.827681980332166
18.94148605491018
19.051647919220038
19.158113654908558
19.26083115268025
19.359750137802035
19.45482219471005
19.546000790706483
19.633241298734834
19.7165010192225
19.795739200979906
19.870917061146066
19.941997804170708
20.008946639823733
20.071730800223182
20.13031955587336
20.18468423070529
20.234798216112104
20.280636983972563
20.322178098656224
20.35940122800453
20.392288153282276
20.42082277809473
20.444991136265955
20.464781398674504
20.48018387904314
20.491191038679762
20.497797490167187
20.5
20.5
20.497797490167187
20.491191038679762
20.48018387904314
20.464781398674504
20.444991136265955
20.42082277809473
20.392288153282276
20.35940122800453
20.322178098656224
20.280636983972563
20.234798216112104
20.18468423070529
20.13031955587336
20.071730800223182
20.008946639823733
19.941997804170708
19.870917061146066
19.795739200979906
19.7165010192225
19.633241298734834
19.546000790706483
19.45482219471005
19.359750137802035
19.26083115268025
19.158113654908558
19.051647919220038
18.94148605491018
18.827681980332166
18.710291396506733
18.589371759859464
18.464982254098963
18.337183761249566
18.206038831852858
18.07161165435251
17.933968023677462
17.793175309038826
17.649302420956243
17.502419777529855
17.352599269974434
17.199914227432423
17.044439381083276
16.886250827566517
16.725425991736486
16.562043588767025
16.39618358562459
16.22792716192869
16.057356670218795
15.884555595647168
15.709608515117337
15.532601055888207
15.353619853664098
15.172752510191184
14.99008755038112
14.805714378982811
14.619723236823575
14.432205156641057
14.24325191852758
14.05295600500867
13.861410555777812
13.66870932210953
13.474946620973146
13.280217288869656
13.084616635414326
12.88824039668772
12.691184688378002
12.493545958737428
12.295420941376083
12.096906607915935
11.89810012052841
11.699098784378682
11.5
11.0
11.199098784378682
11.39810012052841
11.596906607915935
11.795420941376083
11.993545958737428
12.191184688378002
12.38824039668772
12.584616635414326
12.780217288869656
12.974946620973146
13.16870932210953
13.361410555777812
13.55295600500867
13.74325191852758
13.932205156641057
14.119723236823575
14.305714378982811
14.49008755038112
14.672752510191184
14.853619853664098
15.032601055888207
15.209608515117337
15.384555595647168
15.557356670218795
15.72792716192869
15.896183585624591
16.062043588767025
16.225425991736486
16.386250827566517
16.544439381083276
16.699914227432423
16.852599269974434
17.002419777529855
17.149302420956243
17.293175309038826
17.433968023677462
17.57161165435251
17.706038831852858
17.837183761249566
17.964982254098963
18.089371759859464
18.210291396506733
18.327681980332166
18.44148605491018
18.551647919220038
18.658113654908558
18.76083115268025
18.859750137802035
18.95482219471005
19.046000790706483
19.133241298734834
19.2165010192225
19.295739200979906
19.370917061146066
19.441997804170708
19.508946639823733
19.571730800223182
19.63031955587336
19.68468423070529
19.734798216112104
19.780636983972563
19.822178098656224
19.85940122800453
19.892288153282276
19.92082277809473
19.944991136265955
19.964781398674504
19.98018387904314
19.991191038679762
19.997797490167187
20.0
20.0
19.997797490167187
19.991191038679762
19.98018387904314
19.964781398674504
19.944991136265955
19.92082277809473
19.892288153282276
19.85940122800453
19.822178098656224
19.780636983972563
19.734798216112104
19.68468423070529
19.63031955587336
19.571730800223182
19.508946639823733
19.441997804170708
19.370917061146066
19.295739200979906
19.2165010192225
19.133241298734834
19.046000790706483
18.95482219471005
18.859750137802035
18.76083115268025
18.658113654908558
18.551647919220038
18.44148605491018
18.327681980332166
18.210291396506733
18.089371759859464
17.964982254098963
17.837183761249566
17.706038831852858
17.57161165435251
17.433968023677462
17.293175309038826
17.149302420956243
17.002419777529855
16.852599269974434
16.699914227432423
16.544439381083276
16.386250827566517
16.225425991736486
16.062043588767025
15.896183585624591
15.72792716192869
15.557356670218795
15.384555595647168
15.209608515117337
15.032601055888207
14.853619853664098
14.672752510191184
14.49008755038112
14.305714378982811
14.119723236823575
13.932205156641057
13.74325191852758
13.55295600500867
13.361410555777812
13.16870932210953
12.974946620973146
12.780217288869656
12.584616635414326
12.38824039668772
12.191184688378002
11.993545958737428
11.795420941376083
11.596906607915935
11.39810012052841
11.199098784378682
11.0
10.5
10.699098784378682
10.89810012052841
11.096906607915935
11.295420941376083
11.493545958737428
11.691184688378002
11.88824039668772
12.084616635414326
12.280217288869656
12.474946620973146
12.66870932210953
12.861410555777812
13.05295600500867
13.24325191852758
13.432205156641057
13.619723236823575
13.805714378982811
13.99008755038112
14.172752510191184
14.353619853664098
14.532601055888207
14.709608515117337
14.884555595647168
15.057356670218795
15.22792716192869
15.396183585624591
15.562043588767025
15.725425991736486
15.886250827566517
16.044439381083276
16.199914227432423
16.352599269974434
16.502419777529855
16.649302420956243
16.793175309038826
16.933968023677462
17.07161165435251
17.206038831852858
17.337183761249566
17.464982254098963
17.589371759859464
17.710291396506733
17.827681980332166
17.94148605491018
18.051647919220038
18.158113654908558
18.26083115268025
18.359750137802035
18.45482219471005
18.546000790706483
18.633241298734834
18.7165010192225
18.795739200979906
18.870917061146066
18.941997804170708
19.008946639823733
19.071730800223182
19.13031955587336
19.18468423070529
19.234798216112104
19.280636983972563
19.322178098656224
19.35940122800453
19.392288153282276
19.42082277809473
19.444991136265955
19.464781398674504
19.48018387904314
19.491191038679762
19.497797490167187
19.5
19.5
19.497797490167187
19.491191038679762
19.48018387904314
19.464781398674504
19.444991136265955
19.42082277809473
19.392288153282276
19.35940122800453
19.322178098656224
19.280636983972563
19.234798216112104
19.18468423070529
19.13031955587336
19.071730800223182
19.008946639823733
18.941997804170708
18.870917061146066
18.795739200979906
18.7165010192225
18.633241298734834
18.546000790706483
18.45482219471005
18.359750137802035
18.26083115268025
18.158113654908558
18.051647919220038
17.94148605491018
17.827681980332166
17.710291396506733
17.589371759859464
17.464982254098963
17.337183761249566
17.206038831852858
17.07161165435251
16.933968023677462
16.793175309038826
16.649302420956243
16.502419777529855
16.352599269974434
16.199914227432423
16.044439381083276
15.886250827566517
15.725425991736486
15.562043588767025
15.396183585624591
15.22792716192869
15.057356670218795
14.884555595647168
14.709608515117337
14.532601055888207
14.353619853664098
14.172752510191184
13.99008755038112
13.805714378982811
13.619723236823575
13.432205156641057
13.24325191852758
13.05295600500867
12.861410555777812
12.66870932210953
12.474946620973146
12.280217288869656
12.084616635414326
11.88824039668772
11.691184688378002
11.493545958737428
11.295420941376083
11.096906607915935
10.89810012052841
10.699098784378682
10.5
10.0
10.199098784378682
10.39810012052841
10.596906607915935
10.795420941376083
10.993545958737428
11.191184688378002
11.38824039668772
11.584616635414326
11.780217288869656
11.974946620973146
12.16870932210953
12.361410555777812
12.55295600500867
12.74325191852758
12.932205156641057
13.119723236823575
13.305714378982811
13.49008755038112
13.672752510191184
13.853619853664098
14.032601055888207
14.209608515117337
14.384555595647168
14.557356670218795
14.72792716192869
14.896183585624591
15.062043588767025
15.225425991736486
15.386250827566517
15.544439381083276
15.699914227432423
15.852599269974432
16.002419777529855
16.149302420956243
16.293175309038826
16.433968023677462
16.57161165435251
16.706038831852858
16.837183761249566
16.964982254098963
17.089371759859464
17.210291396506733
17.327681980332166
17.44148605491018
17.551647919220038
17.658113654908558
17.76083115268025
17.859750137802035
17.95482219471005
18.046000790706483
18.133241298734834
18.2165010192225
18.295739200979906
18.370917061146066
18.441997804170708
18.508946639823733
18.571730800223182
18.63031955587336
18.68468423070529
18.734798216112104
18.780636983972563
18.822178098656224
18.85940122800453
18.892288153282276
18.92082277809473
18.944991136265955
18.964781398674504
18.98018387904314
18.991191038679762
18.997797490167187
19.0
19.0
18.997797490167187
18.991191038679762
18.98018387904314
18.964781398674504
18.944991136265955
18.92082277809473
18.892288153282276
18.85940122800453
18.822178098656224
18.780636983972563
18.734798216112104
18.68468423070529
18.63031955587336
18.571730800223182
18.508946639823733
18.441997804170708
18.370917061146066
18.295739200979906
18.2165010192225
18.133241298734834
18.046000790706483
17.95482219471005
17.859750137802035
17.76083115268025
17.658113654908558
17.551647919220038
17.44148605491018
17.327681980332166
17.210291396506733
17.089371759859464
16.964982254098963
16.837183761249566
16.706038831852858
16.57161165435251
16.433968023677462
16.293175309038826
16.149302420956243
16.002419777529855
15.852599269974432
15.699914227432423
15.544439381083276
15.386250827566517
15.225425991736486
15.062043588767025
14.896183585624591
14.72792716192869
14.557356670218795
14.384555595647168
14.209608515117337
14.032601055888207
13.853619853664098
13.672752510191184
13.49008755038112
13.305714378982811
13.119723236823575
12.932205156641057
12.74325191852758
12.55295600500867
12.361410555777812
12.16870932210953
11.974946620973146
11.780217288869656
11.584616635414326
11.38824039668772
11.191184688378002
10.993545958737428
10.795420941376083
10.596906607915935
10.39810012052841
10.199098784378682
10.0
9.5
9.699098784378682
9.89810012052841
10.096906607915935
10.295420941376083
10.493545958737428
10.691184688378002
10.88824039668772
11.084616635414326
11.280217288869656
11.474946620973146
11.66870932210953
11.861410555777812
12.05295600500867
12.24325191852758
12.432205156641057
12.619723236823575
12.805714378982811
12.99008755038112
13.172752510191184
13.353619853664098
13.532601055888207
13.709608515117337
13.884555595647168
14.057356670218795
14.22792716192869
14.396183585624591
14.562043588767025
14.725425991736486
14.886250827566517
15.044439381083276
15.199914227432423
15.352599269974432
15.502419777529855
15.649302420956243
15.793175309038826
15.933968023677462
16.07161165435251
16.206038831852858
16.337183761249566
16.464982254098963
16.589371759859464
16.710291396506733
16.827681980332166
16.94148605491018
17.051647919220038
17.158113654908558
17.26083115268025
17.359750137802035
17.45482219471005
17.546000790706483
17.633241298734834
17.7165010192225
17.795739200979906
17.870917061146066
17.941997804170708
18.008946639823733
18.071730800223182
18.13031955587336
18.18468423070529
18.234798216112104
18.280636983972563
18.322178098656224
18.35940122800453
18.392288153282276
18.42082277809473
18.444991136265955
18.464781398674504
18.48018387904314
18.491191038679762
18.497797490167187
18.5
18.5
18.497797490167187
18.491191038679762
18.48018387904314
18.464781398674504
18.444991136265955
18.42082277809473
18.392288153282276
18.35940122800453
18.322178098656224
18.280636983972563
18.234798216112104
18.18468423070529
18.13031955587336
18.071730800223182
18.008946639823733
17.941997804170708
17.870917061146066
17.795739200979906
17.7165010192225
17.633241298734834
17.546000790706483
17.45482219471005
17.359750137802035
17.26083115268025
17.158113654908558
17.051647919220038
16.94148605491018
16.827681980332166
16.710291396506733
16.589371759859464
16.464982254098963
16.337183761249566
16.206038831852858
16.07161165435251
15.933968023677462
15.793175309038826
15.649302420956243
15.502419777529855
15.352599269974432
15.199914227432423
15.044439381083276
14.886250827566517
14.725425991736486
14.562043588767025
14.396183585624591
14.22792716192869
14.057356670218795
13.884555595647168
13.709608515117337
13.532601055888207
13.353619853664098
13.172752510191184
12.99008755038112
12.805714378982811
12.619723236823575
12.432205156641057
12.24325191852758
12.05295600500867
11.861410555777812
11.66870932210953
11.474946620973146
11.280217288869656
11.084616635414326
10.88824039668772
10.691184688378002
10.493545958737428
10.295420941376083
10.096906607915935
9.89810012052841
9.699098784378682
9.5
9.0
9.199098784378682
9.39810012052841
9.596906607915935
9.795420941376083
9.993545958737428
10.191184688378002
10.38824039668772
10.584616635414326
10.780217288869656
10.974946620973146
11.16870932210953
11.361410555777812
11.55295600500867
11.74325191852758
11.932205156641057
12.119723236823575
12.305714378982811
12.49008755038112
12.672752510191184
12.853619853664098
13.032601055888207
13.209608515117337
13.384555595647168
13.557356670218795
13.72792716192869
13.896183585624591
14.062043588767025
14.225425991736486
14.386250827566517
14.544439381083276
14.699914227432423
14.852599269974432
15.002419777529855
15.149302420956243
15.293175309038826
15.433968023677462
15.571611654352507
15.706038831852856
15.837183761249566
15.964982254098961
16.089371759859464
16.210291396506733
16.327681980332166
16.44148605491018
16.551647919220038
16.658113654908558
16.76083115268025
16.859750137802035
16.95482219471005
17.046000790706483
17.133241298734834
17.2165010192225
17.295739200979906
17.370917061146066
17.441997804170708
17.508946639823733
17.571730800223182
17.63031955587336
17.68468423070529
17.734798216112104
17.780636983972563
17.822178098656224
17.85940122800453
17.892288153282276
17.92082277809473
17.944991136265955
17.964781398674504
17.98018387904314
17.991191038679762
17.997797490167187
18.0
18.0
17.997797490167187
17.991191038679762
17.98018387904314
17.964781398674504
17.944991136265955
17.92082277809473
17.892288153282276
17.85940122800453
17.822178098656224
17.780636983972563
17.734798216112104
17.68468423070529
17.63031955587336
17.571730800223182
17.508946639823733
17.441997804170708
17.370917061146066
17.295739200979906
17.2165010192225
17.133241298734834
17.046000790706483
16.95482219471005
16.859750137802035
16.76083115268025
16.658113654908558
16.551647919220038
16.44148605491018
16.327681980332166
16.210291396506733
16.089371759859464
15.964982254098961
15.837183761249566
15.706038831852856
15.571611654352507
15.433968023677462
15.293175309038826
15.149302420956243
15.002419777529855
14.852599269974432
14.699914227432423
14.544439381083276
14.386250827566517
14.225425991736486
14.062043588767025
13.896183585624591
13.72792716192869
13.557356670218795
13.384555595647168
13.209608515117337
13.032601055888207
12.853619853664098
12.672752510191184
12.49008755038112
12.305714378982811
12.119723236823575
11.932205156641057
11.74325191852758
11.55295600500867
11.361410555777812
11.16870932210953
10.974946620973146
10.780217288869656
10.584616635414326
10.38824039668772
10.191184688378002
9.993545958737428
9.795420941376083
9.596906607915935
9.39810012052841
9.199098784378682
9.0
8.5
8.699098784378682
8.89810012052841
9.096906607915935
9.295420941376083
9.493545958737428
9.691184688378002
9.88824039668772
10.084616635414326
10.280217288869656
10.474946620973146
10.66870932210953
10.861410555777812
11.05295600500867
11.24325191852758
11.432205156641057
11.619723236823575
11.805714378982811
11.99008755038112
12.172752510191184
12.353619853664098
12.532601055888207
12.709608515117337
12.884555595647168
13.057356670218795
13.22792716192869
13.396183585624591
13.562043588767025
13.725425991736486
13.886250827566517
14.044439381083276
14.199914227432423
14.352599269974432
14.502419777529855
14.649302420956243
14.793175309038826
14.933968023677462
15.071611654352507
15.206038831852856
15.337183761249566
15.464982254098961
15.589371759859464
15.710291396506733
15.827681980332168
15.941486054910179
16.051647919220038
16.158113654908558
16.26083115268025
16.359750137802035
16.45482219471005
16.546000790706483
16.633241298734834
16.7165010192225
16.795739200979906
16.870917061146066
16.941997804170708
17.008946639823733
17.071730800223182
17.13031955587336
17.18468423070529
17.234798216112104
17.280636983972563
17.322178098656224
17.35940122800453
17.392288153282276
17.42082277809473
17.444991136265955
17.464781398674504
17.48018387904314
17.491191038679762
17.497797490167187
17.5
17.5
17.497797490167187
17.491191038679762
17.48018387904314
17.464781398674504
17.444991136265955
17.42082277809473
17.392288153282276
17.35940122800453
17.322178098656224
17.280636983972563
17.234798216112104
17.18468423070529
17.13031955587336
17.071730800223182
17.008946639823733
16.941997804170708
16.870917061146066
16.795739200979906
16.7165010192225
16.633241298734834
16.546000790706483
16.45482219471005
16.359750137802035
16.26083115268025
16.158113654908558
16.051647919220038
15.941486054910179
15.827681980332168
15.710291396506733
15.589371759859464
15.464982254098961
15.337183761249566
15.206038831852856
15.071611654352507
14.933968023677462
14.793175309038826
14.649302420956243
14.502419777529855
14.352599269974432
14.199914227432423
14.044439381083276
13.886250827566517
13.725425991736486
13.562043588767025
13.396183585624591
13.22792716192869
13.057356670218795
12.884555595647168
12.709608515117337
12.532601055888207
12.353619853664098
12.172752510191184
11.99008755038112
11.805714378982811
11.619723236823575
11.432205156641057
11.24325191852758
11.05295600500867
10.861410555777812
10.66870932210953
10.474946620973146
10.280217288869656
10.084616635414326
9.88824039668772
9.691184688378002
9.493545958737428
9.295420941376083
9.096906607915935
8.89810012052841
8.699098784378682
8.5
8.0
8.199098784378682
8.39810012052841
8.596906607915935
8.795420941376083
8.993545958737428
9.191184688378002
9.38824039668772
9.584616635414326
9.780217288869656
9.974946620973146
10.16870932210953
10.361410555777812
10.55295600500867
10.74325191852758
10.932205156641057
11.119723236823575
11.305714378982811
11.49008755038112
11.672752510191184
11.853619853664098
12.032601055888207
12.209608515117337
12.384555595647168
12.557356670218795
12.72792716192869
12.896183585624591
13.062043588767025
13.225425991736486
13.386250827566517
13.544439381083276
13.699914227432423
13.852599269974432
14.002419777529855
14.149302420956243
14.293175309038826
14.433968023677462
14.571611654352507
14.706038831852856
14.837183761249566
14.964982254098961
15.089371759859464
15.210291396506733
15.327681980332168
15.441486054910179
15.551647919220038
15.658113654908558
15.76083115268025
15.859750137802035
15.95482219471005
16.046000790706483
16.133241298734834
16.2165010192225
16.295739200979906
16.370917061146066
16.441997804170708
16.508946639823733
16.571730800223182
16.63031955587336
16.68468423070529
16.734798216112104
16.780636983972563
16.822178098656224
16.85940122800453
16.892288153282276
16.92082277809473
16.944991136265955
16.964781398674504
16.98018387904314
16.991191038679762
16.997797490167187
17.0
17.0
16.997797490167187
16.991191038679762
16.98018387904314
16.964781398674504
16.944991136265955
16.92082277809473
16.892288153282276
16.85940122800453
16.822178098656224
16.780636983972563
16.734798216112104
16.68468423070529
16.63031955587336
16.571730800223182
16.508946639823733
16.441997804170708
16.370917061146066
16.295739200979906
16.2165010192225
16.133241298734834
16.046000790706483
15.95482219471005
15.859750137802035
15.76083115268025
15.658113654908558
15.551647919220038
15.441486054910179
15.327681980332168
15.210291396506733
15.089371759859464
14.964982254098961
14.837183761249566
14.706038831852856
14.571611654352507
14.433968023677462
14.293175309038826
14.149302420956243
14.002419777529855
13.852599269974432
13.699914227432423
13.544439381083276
13.386250827566517
13.225425991736486
13.062043588767025
12.896183585624591
12.72792716192869
12.557356670218795
12.384555595647168
12.209608515117337
12.032601055888207
11.853619853664098
11.672752510191184
11.49008755038112
11.305714378982811
11.119723236823575
10.932205156641057
10.74325191852758
10.55295600500867
10.361410555777812
10.16870932210953
9.974946620973146
9.780217288869656
9.584616635414326
9.38824039668772
9.191184688378002
8.993545958737428
8.795420941376083
8.596906607915935
8.39810012052841
8.199098784378682
8.0
7.5
7.699098784378682
7.89810012052841
8.096906607915935
8.295420941376083
8.493545958737428
8.691184688378002
8.88824039668772
9.084616635414326
9.280217288869656
9.474946620973146
9.66870932210953
9.861410555777812
10.05295600500867
10.24325191852758
10.432205156641057
10.619723236823575
10.805714378982811
10.99008755038112
11.172752510191184
11.353619853664098
11.532601055888207
11.709608515117337
11.884555595647168
12.057356670218795
12.22792716192869
12.396183585624591
12.562043588767025
12.725425991736486
12.886250827566517
13.044439381083276
13.199914227432423
13.352599269974432
13.502419777529855
13.649302420956243
13.793175309038826
13.933968023677462
14.071611654352507
14.206038831852856
14.337183761249566
14.464982254098961
14.589371759859464
14.710291396506733
14.827681980332168
14.941486054910179
15.051647919220038
15.158113654908558
15.26083115268025
15.359750137802035
15.45482219471005
15.546000790706483
15.633241298734834
15.716501019222498
15.795739200979906
15.870917061146065
15.941997804170708
16.008946639823733
16.071730800223182
16.13031955587336
16.18468423070529
16.234798216112104
16.280636983972563
16.322178098656224
16.35940122800453
16.392288153282276
16.42082277809473
16.444991136265955
16.464781398674504
16.48018387904314
16.491191038679762
16.497797490167187
16.5
16.5
16.497797490167187
16.491191038679762
16.48018387904314
16.464781398674504
16.444991136265955
16.42082277809473
16.392288153282276
16.35940122800453
16.322178098656224
16.280636983972563
16.234798216112104
16.18468423070529
16.13031955587336
16.071730800223182
16.008946639823733
15.941997804170708
15.870917061146065
15.795739200979906
15.716501019222498
15.633241298734834
15.546000790706483
15.45482219471005
15.359750137802035
15.26083115268025
15.158113654908558
15.051647919220038
14.941486054910179
14.827681980332168
14.710291396506733
14.589371759859464
14.464982254098961
14.337183761249566
14.206038831852856
14.071611654352507
13.933968023677462
13.793175309038826
13.649302420956243
13.502419777529855
13.352599269974432
13.199914227432423
13.044439381083276
12.886250827566517
12.725425991736486
12.562043588767025
12.396183585624591
12.22792716192869
12.057356670218795
11.884555595647168
11.709608515117337
11.532601055888207
11.353619853664098
11.172752510191184
10.99008755038112
10.805714378982811
10.619723236823575
10.432205156641057
10.24325191852758
10.05295600500867
9.861410555777812
9.66870932210953
9.474946620973146
9.280217288869656
9.084616635414326
8.88824039668772
8.691184688378002
8.493545958737428
8.295420941376083
8.096906607915935
7.89810012052841
7.699098784378682
7.5
7.0
7.199098784378682
7.39810012052841
7.596906607915935
7.795420941376082
7.993545958737428
8.191184688378002
8.38824039668772
8.584616635414326
8.780217288869656
8.974946620973146
9.16870932210953
9.361410555777812
9.55295600500867
9.74325191852758
9.932205156641057
10.119723236823575
10.305714378982811
10.49008755038112
10.672752510191184
10.853619853664098
11.032601055888207
11.209608515117337
11.384555595647168
11.557356670218795
11.72792716192869
11.896183585624591
12.062043588767025
12.225425991736486
12.386250827566517
12.544439381083276
12.699914227432423
12.852599269974432
13.002419777529855
13.149302420956243
13.293175309038826
13.433968023677462
13.571611654352507
13.706038831852856
13.837183761249566
13.964982254098961
14.089371759859464
14.210291396506733
14.327681980332168
14.441486054910179
14.551647919220038
14.658113654908558
14.76083115268025
14.859750137802035
14.95482219471005
15.046000790706483
15.133241298734834
15.216501019222498
15.295739200979906
15.370917061146065
15.441997804170708
15.508946639823732
15.571730800223182
15.63031955587336
15.68468423070529
15.734798216112106
15.780636983972562
15.822178098656225
15.859401228004531
15.892288153282276
15.920822778094731
15.944991136265957
15.964781398674504
15.980183879043139
15.991191038679762
15.997797490167187
16.0
16.0
15.997797490167187
15.991191038679762
15.980183879043139
15.964781398674504
15.944991136265957
15.920822778094731
15.892288153282276
15.859401228004531
15.822178098656225
15.780636983972562
15.734798216112106
15.68468423070529
15.63031955587336
15.571730800223182
15.508946639823732
15.441997804170708
15.370917061146065
15.295739200979906
15.216501019222498
15.133241298734834
15.046000790706483
14.95482219471005
14.859750137802035
14.76083115268025
14.658113654908558
14.551647919220038
14.441486054910179
14.327681980332168
14.210291396506733
14.089371759859464
13.964982254098961
13.837183761249566
13.706038831852856
13.571611654352507
13.433968023677462
13.293175309038826
13.149302420956243
13.002419777529855
12.852599269974432
12.699914227432423
12.544439381083276
12.386250827566517
12.225425991736486
12.062043588767025
11.896183585624591
11.72792716192869
11.557356670218795
11.384555595647168
11.209608515117337
11.032601055888207
10.853619853664098
10.672752510191184
10.49008755038112
10.305714378982811
10.119723236823575
9.932205156641057
9.74325191852758
9.55295600500867
9.361410555777812
9.16870932210953
8.974946620973146
8.780217288869656
8.584616635414326
8.38824039668772
8.191184688378002
7.993545958737428
7.795420941376082
7.596906607915935
7.39810012052841
7.199098784378682
7.0
6.5
6.699098784378682
6.89810012052841
7.096906607915935
7.295420941376082
7.493545958737428
7.6911846883780015
7.888240396687721
8.084616635414326
8.280217288869656
8.474946620973146
8.66870932210953
8.861410555777812
9.05295600500867
9.24325191852758
9.432205156641057
9.619723236823575
9.805714378982811
9.99008755038112
10.172752510191184
10.353619853664098
10.532601055888207
10.709608515117337
10.884555595647168
11.057356670218795
11.22792716192869
11.396183585624591
11.562043588767025
11.725425991736486
11.886250827566517
12.044439381083276
12.199914227432423
12.352599269974432
12.502419777529855
12.649302420956243
12.793175309038826
12.933968023677462
13.071611654352507
13.206038831852856
13.337183761249566
13.464982254098961
13.589371759859464
13.710291396506733
13.827681980332168
13.941486054910179
14.051647919220038
14.158113654908558
14.26083115268025
14.359750137802035
14.45482219471005
14.546000790706483
14.633241298734834
14.716501019222498
14.795739200979906
14.870917061146065
14.941997804170708
15.008946639823732
15.071730800223182
15.13031955587336
15.18468423070529
15.234798216112106
15.280636983972562
15.322178098656225
15.359401228004531
15.392288153282276
15.420822778094731
15.444991136265957
15.464781398674504
15.480183879043139
15.491191038679762
15.497797490167187
15.5
15.5
15.497797490167187
15.491191038679762
15.480183879043139
15.464781398674504
15.444991136265957
15.420822778094731
15.392288153282276
15.359401228004531
15.322178098656225
15.280636983972562
15.234798216112106
15.18468423070529
15.13031955587336
15.071730800223182
15.008946639823732
14.941997804170708
14.870917061146065
14.795739200979906
14.716501019222498
14.633241298734834
14.546000790706483
14.45482219471005
14.359750137802035
14.26083115268025
14.158113654908558
14.051647919220038
13.941486054910179
13.827681980332168
13.710291396506733
13.589371759859464
13.464982254098961
13.337183761249566
13.206038831852856
13.071611654352507
12.933968023677462
12.793175309038826
12.649302420956243
12.502419777529855
12.352599269974432
12.199914227432423
12.044439381083276
